{"numTotalTestSuites":169,"numPassedTestSuites":147,"numFailedTestSuites":22,"numPendingTestSuites":0,"numTotalTests":716,"numPassedTests":690,"numFailedTests":24,"numPendingTests":2,"numTodoTests":0,"snapshot":{"added":0,"failure":false,"filesAdded":0,"filesRemoved":0,"filesRemovedList":[],"filesUnmatched":0,"filesUpdated":0,"matched":0,"total":0,"unchecked":0,"uncheckedKeysByFile":[],"unmatched":0,"updated":0,"didUpdate":false},"startTime":1773193177406,"success":false,"testResults":[{"assertionResults":[{"ancestorTitles":["AccessibilityWidget Component Tests","Visibility Tests"],"fullName":"AccessibilityWidget Component Tests Visibility Tests Should render FAB button on normal pages","status":"passed","title":"Should render FAB button on normal pages","duration":369.9632999999999,"failureMessages":[],"meta":{}},{"ancestorTitles":["AccessibilityWidget Component Tests","Visibility Tests"],"fullName":"AccessibilityWidget Component Tests Visibility Tests Should return null on /learn route","status":"passed","title":"Should return null on /learn route","duration":7.72440000000006,"failureMessages":[],"meta":{}},{"ancestorTitles":["AccessibilityWidget Component Tests","Visibility Tests"],"fullName":"AccessibilityWidget Component Tests Visibility Tests Should NOT show menu panel on initial render","status":"passed","title":"Should NOT show menu panel on initial render","duration":12.850800000000163,"failureMessages":[],"meta":{}},{"ancestorTitles":["AccessibilityWidget Component Tests","Visibility Tests"],"fullName":"AccessibilityWidget Component Tests Visibility Tests Should have accessibility-widget class on wrapper","status":"passed","title":"Should have accessibility-widget class on wrapper","duration":19.14810000000034,"failureMessages":[],"meta":{}},{"ancestorTitles":["AccessibilityWidget Component Tests","Visibility Tests"],"fullName":"AccessibilityWidget Component Tests Visibility Tests Should have open class on wrapper when menu is open","status":"passed","title":"Should have open class on wrapper when menu is open","duration":119.38030000000072,"failureMessages":[],"meta":{}},{"ancestorTitles":["AccessibilityWidget Component Tests","Open / Close Tests"],"fullName":"AccessibilityWidget Component Tests Open / Close Tests Should open menu when FAB is clicked","status":"passed","title":"Should open menu when FAB is clicked","duration":141.80509999999958,"failureMessages":[],"meta":{}},{"ancestorTitles":["AccessibilityWidget Component Tests","Open / Close Tests"],"fullName":"AccessibilityWidget Component Tests Open / Close Tests Should close menu when FAB is clicked again","status":"passed","title":"Should close menu when FAB is clicked again","duration":132.71650000000045,"failureMessages":[],"meta":{}},{"ancestorTitles":["AccessibilityWidget Component Tests","Open / Close Tests"],"fullName":"AccessibilityWidget Component Tests Open / Close Tests Should close menu when X close button is clicked","status":"passed","title":"Should close menu when X close button is clicked","duration":159.8669,"failureMessages":[],"meta":{}},{"ancestorTitles":["AccessibilityWidget Component Tests","Open / Close Tests"],"fullName":"AccessibilityWidget Component Tests Open / Close Tests Should close menu when clicking outside","status":"passed","title":"Should close menu when clicking outside","duration":205.7428,"failureMessages":[],"meta":{}},{"ancestorTitles":["AccessibilityWidget Component Tests","Open / Close Tests"],"fullName":"AccessibilityWidget Component Tests Open / Close Tests Should show accessibility-menu element when open","status":"passed","title":"Should show accessibility-menu element when open","duration":120.91640000000007,"failureMessages":[],"meta":{}},{"ancestorTitles":["AccessibilityWidget Component Tests","Structure Tests"],"fullName":"AccessibilityWidget Component Tests Structure Tests Should render accessibility-header inside menu","status":"passed","title":"Should render accessibility-header inside menu","duration":47.27810000000045,"failureMessages":[],"meta":{}},{"ancestorTitles":["AccessibilityWidget Component Tests","Structure Tests"],"fullName":"AccessibilityWidget Component Tests Structure Tests Should render exactly 4 accessibility sections","status":"passed","title":"Should render exactly 4 accessibility sections","duration":66.39049999999952,"failureMessages":[],"meta":{}},{"ancestorTitles":["AccessibilityWidget Component Tests","Structure Tests"],"fullName":"AccessibilityWidget Component Tests Structure Tests FAB should have correct aria-label","status":"passed","title":"FAB should have correct aria-label","duration":5.240799999999581,"failureMessages":[],"meta":{}},{"ancestorTitles":["AccessibilityWidget Component Tests","Structure Tests"],"fullName":"AccessibilityWidget Component Tests Structure Tests FAB should have accessibility-fab class","status":"passed","title":"FAB should have accessibility-fab class","duration":32.734699999999975,"failureMessages":[],"meta":{}},{"ancestorTitles":["AccessibilityWidget Component Tests","Font Size Tests"],"fullName":"AccessibilityWidget Component Tests Font Size Tests Should render Font Size section label","status":"passed","title":"Should render Font Size section label","duration":92.16730000000007,"failureMessages":[],"meta":{}},{"ancestorTitles":["AccessibilityWidget Component Tests","Font Size Tests"],"fullName":"AccessibilityWidget Component Tests Font Size Tests Should call updatePreferences with small for first font button","status":"passed","title":"Should call updatePreferences with small for first font button","duration":146.70470000000023,"failureMessages":[],"meta":{}},{"ancestorTitles":["AccessibilityWidget Component Tests","Font Size Tests"],"fullName":"AccessibilityWidget Component Tests Font Size Tests Should call updatePreferences with medium for second font button","status":"passed","title":"Should call updatePreferences with medium for second font button","duration":140.26220000000012,"failureMessages":[],"meta":{}},{"ancestorTitles":["AccessibilityWidget Component Tests","Font Size Tests"],"fullName":"AccessibilityWidget Component Tests Font Size Tests Should call updatePreferences with large for third font button","status":"passed","title":"Should call updatePreferences with large for third font button","duration":109.85589999999956,"failureMessages":[],"meta":{}},{"ancestorTitles":["AccessibilityWidget Component Tests","Font Size Tests"],"fullName":"AccessibilityWidget Component Tests Font Size Tests Should mark medium button active when fontSize is medium","status":"passed","title":"Should mark medium button active when fontSize is medium","duration":62.064400000000205,"failureMessages":[],"meta":{}},{"ancestorTitles":["AccessibilityWidget Component Tests","Font Size Tests"],"fullName":"AccessibilityWidget Component Tests Font Size Tests Should mark small button active when fontSize is small","status":"passed","title":"Should mark small button active when fontSize is small","duration":62.470400000000154,"failureMessages":[],"meta":{}},{"ancestorTitles":["AccessibilityWidget Component Tests","Font Size Tests"],"fullName":"AccessibilityWidget Component Tests Font Size Tests Should mark large button active when fontSize is large","status":"passed","title":"Should mark large button active when fontSize is large","duration":62.61309999999958,"failureMessages":[],"meta":{}},{"ancestorTitles":["AccessibilityWidget Component Tests","Theme Tests"],"fullName":"AccessibilityWidget Component Tests Theme Tests Should render Theme Design section label","status":"passed","title":"Should render Theme Design section label","duration":63.01919999999973,"failureMessages":[],"meta":{}},{"ancestorTitles":["AccessibilityWidget Component Tests","Theme Tests"],"fullName":"AccessibilityWidget Component Tests Theme Tests Should render Light and Dark buttons","status":"passed","title":"Should render Light and Dark buttons","duration":64.59739999999965,"failureMessages":[],"meta":{}},{"ancestorTitles":["AccessibilityWidget Component Tests","Theme Tests"],"fullName":"AccessibilityWidget Component Tests Theme Tests Should call updatePreferences with light when Light clicked","status":"passed","title":"Should call updatePreferences with light when Light clicked","duration":95.34929999999986,"failureMessages":[],"meta":{}},{"ancestorTitles":["AccessibilityWidget Component Tests","Theme Tests"],"fullName":"AccessibilityWidget Component Tests Theme Tests Should call updatePreferences with dark when Dark clicked","status":"passed","title":"Should call updatePreferences with dark when Dark clicked","duration":188.15369999999984,"failureMessages":[],"meta":{}},{"ancestorTitles":["AccessibilityWidget Component Tests","Theme Tests"],"fullName":"AccessibilityWidget Component Tests Theme Tests Should mark Dark button active when theme is dark","status":"passed","title":"Should mark Dark button active when theme is dark","duration":43.86210000000028,"failureMessages":[],"meta":{}},{"ancestorTitles":["AccessibilityWidget Component Tests","Theme Tests"],"fullName":"AccessibilityWidget Component Tests Theme Tests Should mark Light button active when theme is light","status":"passed","title":"Should mark Light button active when theme is light","duration":80.08100000000013,"failureMessages":[],"meta":{}},{"ancestorTitles":["AccessibilityWidget Component Tests","Dyslexia Font Tests"],"fullName":"AccessibilityWidget Component Tests Dyslexia Font Tests Should render Dyslexia Friendly Font section label","status":"passed","title":"Should render Dyslexia Friendly Font section label","duration":73.5645999999997,"failureMessages":[],"meta":{}},{"ancestorTitles":["AccessibilityWidget Component Tests","Dyslexia Font Tests"],"fullName":"AccessibilityWidget Component Tests Dyslexia Font Tests Should show OFF text when dyslexiaFont is false","status":"passed","title":"Should show OFF text when dyslexiaFont is false","duration":89.40369999999984,"failureMessages":[],"meta":{}},{"ancestorTitles":["AccessibilityWidget Component Tests","Dyslexia Font Tests"],"fullName":"AccessibilityWidget Component Tests Dyslexia Font Tests Should show ON text when dyslexiaFont is true","status":"passed","title":"Should show ON text when dyslexiaFont is true","duration":87.40509999999995,"failureMessages":[],"meta":{}},{"ancestorTitles":["AccessibilityWidget Component Tests","Dyslexia Font Tests"],"fullName":"AccessibilityWidget Component Tests Dyslexia Font Tests Should call updatePreferences toggling dyslexiaFont false ΓåÆ true","status":"passed","title":"Should call updatePreferences toggling dyslexiaFont false ΓåÆ true","duration":133.26500000000033,"failureMessages":[],"meta":{}},{"ancestorTitles":["AccessibilityWidget Component Tests","Dyslexia Font Tests"],"fullName":"AccessibilityWidget Component Tests Dyslexia Font Tests Should call updatePreferences toggling dyslexiaFont true ΓåÆ false","status":"passed","title":"Should call updatePreferences toggling dyslexiaFont true ΓåÆ false","duration":141.32130000000052,"failureMessages":[],"meta":{}},{"ancestorTitles":["AccessibilityWidget Component Tests","Dyslexia Font Tests"],"fullName":"AccessibilityWidget Component Tests Dyslexia Font Tests Should mark dyslexia button active when dyslexiaFont is true","status":"passed","title":"Should mark dyslexia button active when dyslexiaFont is true","duration":81.21370000000024,"failureMessages":[],"meta":{}},{"ancestorTitles":["AccessibilityWidget Component Tests","Dyslexia Font Tests"],"fullName":"AccessibilityWidget Component Tests Dyslexia Font Tests Should NOT mark dyslexia button active when dyslexiaFont is false","status":"passed","title":"Should NOT mark dyslexia button active when dyslexiaFont is false","duration":83.44369999999981,"failureMessages":[],"meta":{}},{"ancestorTitles":["AccessibilityWidget Component Tests","Color Overlay Tests"],"fullName":"AccessibilityWidget Component Tests Color Overlay Tests Should render Reading Color Overlay section label","status":"passed","title":"Should render Reading Color Overlay section label","duration":72.14499999999953,"failureMessages":[],"meta":{}},{"ancestorTitles":["AccessibilityWidget Component Tests","Color Overlay Tests"],"fullName":"AccessibilityWidget Component Tests Color Overlay Tests Should render exactly 5 color overlay buttons","status":"passed","title":"Should render exactly 5 color overlay buttons","duration":59.944800000000214,"failureMessages":[],"meta":{}},{"ancestorTitles":["AccessibilityWidget Component Tests","Color Overlay Tests"],"fullName":"AccessibilityWidget Component Tests Color Overlay Tests Should call updatePreferences with colorOverlay \"none\" when None clicked","status":"passed","title":"Should call updatePreferences with colorOverlay \"none\" when None clicked","duration":123.73559999999998,"failureMessages":[],"meta":{}},{"ancestorTitles":["AccessibilityWidget Component Tests","Color Overlay Tests"],"fullName":"AccessibilityWidget Component Tests Color Overlay Tests Should call updatePreferences with colorOverlay \"yellow\" when Yellow clicked","status":"passed","title":"Should call updatePreferences with colorOverlay \"yellow\" when Yellow clicked","duration":109.42210000000068,"failureMessages":[],"meta":{}},{"ancestorTitles":["AccessibilityWidget Component Tests","Color Overlay Tests"],"fullName":"AccessibilityWidget Component Tests Color Overlay Tests Should call updatePreferences with colorOverlay \"blue\" when Blue clicked","status":"passed","title":"Should call updatePreferences with colorOverlay \"blue\" when Blue clicked","duration":93.78080000000045,"failureMessages":[],"meta":{}},{"ancestorTitles":["AccessibilityWidget Component Tests","Color Overlay Tests"],"fullName":"AccessibilityWidget Component Tests Color Overlay Tests Should call updatePreferences with colorOverlay \"green\" when Green clicked","status":"passed","title":"Should call updatePreferences with colorOverlay \"green\" when Green clicked","duration":126.44419999999991,"failureMessages":[],"meta":{}},{"ancestorTitles":["AccessibilityWidget Component Tests","Color Overlay Tests"],"fullName":"AccessibilityWidget Component Tests Color Overlay Tests Should call updatePreferences with colorOverlay \"rose\" when Rose clicked","status":"passed","title":"Should call updatePreferences with colorOverlay \"rose\" when Rose clicked","duration":107.97409999999945,"failureMessages":[],"meta":{}},{"ancestorTitles":["AccessibilityWidget Component Tests","Color Overlay Tests"],"fullName":"AccessibilityWidget Component Tests Color Overlay Tests Should mark yellow button active when colorOverlay is yellow","status":"passed","title":"Should mark yellow button active when colorOverlay is yellow","duration":72.9411999999993,"failureMessages":[],"meta":{}},{"ancestorTitles":["AccessibilityWidget Component Tests","Color Overlay Tests"],"fullName":"AccessibilityWidget Component Tests Color Overlay Tests Should mark None button active when colorOverlay is none","status":"passed","title":"Should mark None button active when colorOverlay is none","duration":66.69120000000021,"failureMessages":[],"meta":{}},{"ancestorTitles":["AccessibilityWidget Component Tests","Color Overlay Tests"],"fullName":"AccessibilityWidget Component Tests Color Overlay Tests Should render all color button titles","status":"passed","title":"Should render all color button titles","duration":49.91569999999956,"failureMessages":[],"meta":{}}],"startTime":1773193181578,"endTime":1773193185806.9158,"status":"passed","message":"","name":"C:/Users/Girish Kumar/LinguaAble/Accessible-Language-Learning-Platform/frontend/src/tests/AccessibilityWidget.test.jsx"},{"assertionResults":[{"ancestorTitles":["ChatBot Component Tests","Rendering Tests"],"fullName":"ChatBot Component Tests Rendering Tests Should render the floating FAB button","status":"passed","title":"Should render the floating FAB button","duration":102.14399999999932,"failureMessages":[],"meta":{}},{"ancestorTitles":["ChatBot Component Tests","Rendering Tests"],"fullName":"ChatBot Component Tests Rendering Tests Should render Ask LinguaBot label on FAB","status":"passed","title":"Should render Ask LinguaBot label on FAB","duration":42.28240000000005,"failureMessages":[],"meta":{}},{"ancestorTitles":["ChatBot Component Tests","Rendering Tests"],"fullName":"ChatBot Component Tests Rendering Tests FAB should have correct aria-label","status":"passed","title":"FAB should have correct aria-label","duration":361.3917000000001,"failureMessages":[],"meta":{}},{"ancestorTitles":["ChatBot Component Tests","Rendering Tests"],"fullName":"ChatBot Component Tests Rendering Tests Chat window should be present in DOM but closed initially","status":"passed","title":"Chat window should be present in DOM but closed initially","duration":35.95430000000033,"failureMessages":[],"meta":{}},{"ancestorTitles":["ChatBot Component Tests","Rendering Tests"],"fullName":"ChatBot Component Tests Rendering Tests FAB should NOT have chatbot-fab-hidden class when closed","status":"passed","title":"FAB should NOT have chatbot-fab-hidden class when closed","duration":16.192299999999705,"failureMessages":[],"meta":{}},{"ancestorTitles":["ChatBot Component Tests","Open / Close Tests"],"fullName":"ChatBot Component Tests Open / Close Tests Should open chat window when FAB is clicked","status":"passed","title":"Should open chat window when FAB is clicked","duration":138.1291000000001,"failureMessages":[],"meta":{}},{"ancestorTitles":["ChatBot Component Tests","Open / Close Tests"],"fullName":"ChatBot Component Tests Open / Close Tests FAB should get chatbot-fab-hidden class when chat is open","status":"passed","title":"FAB should get chatbot-fab-hidden class when chat is open","duration":140.30389999999989,"failureMessages":[],"meta":{}},{"ancestorTitles":["ChatBot Component Tests","Open / Close Tests"],"fullName":"ChatBot Component Tests Open / Close Tests Should close chat window when close button is clicked","status":"passed","title":"Should close chat window when close button is clicked","duration":155.16550000000007,"failureMessages":[],"meta":{}},{"ancestorTitles":["ChatBot Component Tests","Open / Close Tests"],"fullName":"ChatBot Component Tests Open / Close Tests FAB should reappear after chat is closed","status":"passed","title":"FAB should reappear after chat is closed","duration":156.08749999999964,"failureMessages":[],"meta":{}},{"ancestorTitles":["ChatBot Component Tests","Open / Close Tests"],"fullName":"ChatBot Component Tests Open / Close Tests Close button should have correct aria-label","status":"passed","title":"Close button should have correct aria-label","duration":11.959399999999732,"failureMessages":[],"meta":{}},{"ancestorTitles":["ChatBot Component Tests","Header Tests"],"fullName":"ChatBot Component Tests Header Tests Should render LinguaBot name in header","status":"passed","title":"Should render LinguaBot name in header","duration":12.048600000000079,"failureMessages":[],"meta":{}},{"ancestorTitles":["ChatBot Component Tests","Header Tests"],"fullName":"ChatBot Component Tests Header Tests Should render Hindi Learning Assistant status text in header","status":"passed","title":"Should render Hindi Learning Assistant status text in header","duration":14.096800000000258,"failureMessages":[],"meta":{}},{"ancestorTitles":["ChatBot Component Tests","Header Tests"],"fullName":"ChatBot Component Tests Header Tests Should render chatbot-header container","status":"passed","title":"Should render chatbot-header container","duration":11.319799999999304,"failureMessages":[],"meta":{}},{"ancestorTitles":["ChatBot Component Tests","Header Tests"],"fullName":"ChatBot Component Tests Header Tests Should render chatbot-avatar container","status":"passed","title":"Should render chatbot-avatar container","duration":9.355099999999766,"failureMessages":[],"meta":{}},{"ancestorTitles":["ChatBot Component Tests","Initial Greeting Message Tests"],"fullName":"ChatBot Component Tests Initial Greeting Message Tests Should show greeting message on load","status":"passed","title":"Should show greeting message on load","duration":14.150799999999435,"failureMessages":[],"meta":{}},{"ancestorTitles":["ChatBot Component Tests","Initial Greeting Message Tests"],"fullName":"ChatBot Component Tests Initial Greeting Message Tests Should show full greeting content","status":"passed","title":"Should show full greeting content","duration":19.599300000000767,"failureMessages":[],"meta":{}},{"ancestorTitles":["ChatBot Component Tests","Initial Greeting Message Tests"],"fullName":"ChatBot Component Tests Initial Greeting Message Tests Greeting should be rendered as a bot message","status":"passed","title":"Greeting should be rendered as a bot message","duration":17.753700000000208,"failureMessages":[],"meta":{}},{"ancestorTitles":["ChatBot Component Tests","Initial Greeting Message Tests"],"fullName":"ChatBot Component Tests Initial Greeting Message Tests Should render message bubble for greeting","status":"passed","title":"Should render message bubble for greeting","duration":31.874299999999494,"failureMessages":[],"meta":{}},{"ancestorTitles":["ChatBot Component Tests","Input Field Tests"],"fullName":"ChatBot Component Tests Input Field Tests Should render the input field","status":"passed","title":"Should render the input field","duration":13.999400000000605,"failureMessages":[],"meta":{}},{"ancestorTitles":["ChatBot Component Tests","Input Field Tests"],"fullName":"ChatBot Component Tests Input Field Tests Should have correct placeholder","status":"passed","title":"Should have correct placeholder","duration":9.716699999999946,"failureMessages":[],"meta":{}},{"ancestorTitles":["ChatBot Component Tests","Input Field Tests"],"fullName":"ChatBot Component Tests Input Field Tests Should allow typing in the input field","status":"passed","title":"Should allow typing in the input field","duration":567.2708999999995,"failureMessages":[],"meta":{}},{"ancestorTitles":["ChatBot Component Tests","Input Field Tests"],"fullName":"ChatBot Component Tests Input Field Tests Send button should be disabled when input is empty","status":"passed","title":"Send button should be disabled when input is empty","duration":10.039400000000569,"failureMessages":[],"meta":{}},{"ancestorTitles":["ChatBot Component Tests","Input Field Tests"],"fullName":"ChatBot Component Tests Input Field Tests Send button should be enabled when input has text","status":"passed","title":"Send button should be enabled when input has text","duration":262.72159999999985,"failureMessages":[],"meta":{}},{"ancestorTitles":["ChatBot Component Tests","Input Field Tests"],"fullName":"ChatBot Component Tests Input Field Tests Send button should have correct aria-label","status":"passed","title":"Send button should have correct aria-label","duration":58.06790000000001,"failureMessages":[],"meta":{}},{"ancestorTitles":["ChatBot Component Tests","Input Field Tests"],"fullName":"ChatBot Component Tests Input Field Tests Input should be disabled while loading","status":"passed","title":"Input should be disabled while loading","duration":343.6658000000007,"failureMessages":[],"meta":{}},{"ancestorTitles":["ChatBot Component Tests","Send Message Tests"],"fullName":"ChatBot Component Tests Send Message Tests Should add user message to chat when send is clicked","status":"passed","title":"Should add user message to chat when send is clicked","duration":474.28700000000026,"failureMessages":[],"meta":{}},{"ancestorTitles":["ChatBot Component Tests","Send Message Tests"],"fullName":"ChatBot Component Tests Send Message Tests Should clear input after sending message","status":"passed","title":"Should clear input after sending message","duration":303.5529999999999,"failureMessages":[],"meta":{}},{"ancestorTitles":["ChatBot Component Tests","Send Message Tests"],"fullName":"ChatBot Component Tests Send Message Tests Should call correct API endpoint when message is sent","status":"passed","title":"Should call correct API endpoint when message is sent","duration":329.21450000000004,"failureMessages":[],"meta":{}},{"ancestorTitles":["ChatBot Component Tests","Send Message Tests"],"fullName":"ChatBot Component Tests Send Message Tests Should include userProgress in API call","status":"passed","title":"Should include userProgress in API call","duration":249.33510000000024,"failureMessages":[],"meta":{}},{"ancestorTitles":["ChatBot Component Tests","Send Message Tests"],"fullName":"ChatBot Component Tests Send Message Tests Should include userInfo in API call","status":"passed","title":"Should include userInfo in API call","duration":280.89320000000043,"failureMessages":[],"meta":{}},{"ancestorTitles":["ChatBot Component Tests","Send Message Tests"],"fullName":"ChatBot Component Tests Send Message Tests Should display bot reply after successful API response","status":"passed","title":"Should display bot reply after successful API response","duration":490.52930000000015,"failureMessages":[],"meta":{}},{"ancestorTitles":["ChatBot Component Tests","Send Message Tests"],"fullName":"ChatBot Component Tests Send Message Tests User message should have chatbot-msg-user class","status":"passed","title":"User message should have chatbot-msg-user class","duration":335.58669999999984,"failureMessages":[],"meta":{}},{"ancestorTitles":["ChatBot Component Tests","Send Message Tests"],"fullName":"ChatBot Component Tests Send Message Tests Should NOT send message when input is only whitespace","status":"passed","title":"Should NOT send message when input is only whitespace","duration":309.5077999999994,"failureMessages":[],"meta":{}},{"ancestorTitles":["ChatBot Component Tests","Send Message Tests"],"fullName":"ChatBot Component Tests Send Message Tests Should not add duplicate messages when send is double-clicked","status":"passed","title":"Should not add duplicate messages when send is double-clicked","duration":400.2446999999993,"failureMessages":[],"meta":{}},{"ancestorTitles":["ChatBot Component Tests","Enter Key Tests"],"fullName":"ChatBot Component Tests Enter Key Tests Should send message when Enter key is pressed","status":"passed","title":"Should send message when Enter key is pressed","duration":265.08679999999913,"failureMessages":[],"meta":{}},{"ancestorTitles":["ChatBot Component Tests","Enter Key Tests"],"fullName":"ChatBot Component Tests Enter Key Tests Should NOT send message when Shift+Enter is pressed","status":"passed","title":"Should NOT send message when Shift+Enter is pressed","duration":242.89060000000063,"failureMessages":[],"meta":{}},{"ancestorTitles":["ChatBot Component Tests","Loading & Typing Indicator Tests"],"fullName":"ChatBot Component Tests Loading & Typing Indicator Tests Should show typing indicator while waiting for API response","status":"passed","title":"Should show typing indicator while waiting for API response","duration":310.53700000000026,"failureMessages":[],"meta":{}},{"ancestorTitles":["ChatBot Component Tests","Loading & Typing Indicator Tests"],"fullName":"ChatBot Component Tests Loading & Typing Indicator Tests Should render 3 typing dots in indicator","status":"passed","title":"Should render 3 typing dots in indicator","duration":282.0769999999993,"failureMessages":[],"meta":{}},{"ancestorTitles":["ChatBot Component Tests","Loading & Typing Indicator Tests"],"fullName":"ChatBot Component Tests Loading & Typing Indicator Tests Should hide typing indicator after API response","status":"passed","title":"Should hide typing indicator after API response","duration":296.8793999999998,"failureMessages":[],"meta":{}},{"ancestorTitles":["ChatBot Component Tests","Loading & Typing Indicator Tests"],"fullName":"ChatBot Component Tests Loading & Typing Indicator Tests Send button should be disabled while loading","status":"passed","title":"Send button should be disabled while loading","duration":302.34299999999894,"failureMessages":[],"meta":{}},{"ancestorTitles":["ChatBot Component Tests","Error Handling Tests"],"fullName":"ChatBot Component Tests Error Handling Tests Should show error message when API call fails","status":"passed","title":"Should show error message when API call fails","duration":289.09749999999985,"failureMessages":[],"meta":{}},{"ancestorTitles":["ChatBot Component Tests","Error Handling Tests"],"fullName":"ChatBot Component Tests Error Handling Tests Should re-enable input after API returns success: false","status":"passed","title":"Should re-enable input after API returns success: false","duration":249.97780000000057,"failureMessages":[],"meta":{}},{"ancestorTitles":["ChatBot Component Tests","Error Handling Tests"],"fullName":"ChatBot Component Tests Error Handling Tests Should re-enable input after API error","status":"passed","title":"Should re-enable input after API error","duration":265.3982999999989,"failureMessages":[],"meta":{}},{"ancestorTitles":["ChatBot Component Tests","Error Handling Tests"],"fullName":"ChatBot Component Tests Error Handling Tests Error message should be shown as a bot message","status":"passed","title":"Error message should be shown as a bot message","duration":264.6995000000006,"failureMessages":[],"meta":{}},{"ancestorTitles":["ChatBot Component Tests","Conversation History Tests"],"fullName":"ChatBot Component Tests Conversation History Tests Should pass conversation history in subsequent messages","status":"passed","title":"Should pass conversation history in subsequent messages","duration":742.8891000000003,"failureMessages":[],"meta":{}},{"ancestorTitles":["ChatBot Component Tests","Conversation History Tests"],"fullName":"ChatBot Component Tests Conversation History Tests Should skip greeting from history passed to API","status":"passed","title":"Should skip greeting from history passed to API","duration":264.9423000000006,"failureMessages":[],"meta":{}},{"ancestorTitles":["ChatBot Component Tests","Conversation History Tests"],"fullName":"ChatBot Component Tests Conversation History Tests Should accumulate multiple messages in the chat","status":"passed","title":"Should accumulate multiple messages in the chat","duration":642.4781000000003,"failureMessages":[],"meta":{}},{"ancestorTitles":["ChatBot Component Tests","CSS Structure Tests"],"fullName":"ChatBot Component Tests CSS Structure Tests Should render chatbot-window div","status":"passed","title":"Should render chatbot-window div","duration":6.808499999999185,"failureMessages":[],"meta":{}},{"ancestorTitles":["ChatBot Component Tests","CSS Structure Tests"],"fullName":"ChatBot Component Tests CSS Structure Tests Should render chatbot-messages container","status":"passed","title":"Should render chatbot-messages container","duration":4.573999999998705,"failureMessages":[],"meta":{}},{"ancestorTitles":["ChatBot Component Tests","CSS Structure Tests"],"fullName":"ChatBot Component Tests CSS Structure Tests Should render chatbot-input-area container","status":"passed","title":"Should render chatbot-input-area container","duration":7.776499999999942,"failureMessages":[],"meta":{}},{"ancestorTitles":["ChatBot Component Tests","CSS Structure Tests"],"fullName":"ChatBot Component Tests CSS Structure Tests Should render chatbot-send-btn","status":"passed","title":"Should render chatbot-send-btn","duration":6.425799999999072,"failureMessages":[],"meta":{}},{"ancestorTitles":["ChatBot Component Tests","CSS Structure Tests"],"fullName":"ChatBot Component Tests CSS Structure Tests FAB should have chatbot-fab class","status":"passed","title":"FAB should have chatbot-fab class","duration":3.8896999999997206,"failureMessages":[],"meta":{}}],"startTime":1773193181986,"endTime":1773193192166.8896,"status":"passed","message":"","name":"C:/Users/Girish Kumar/LinguaAble/Accessible-Language-Learning-Platform/frontend/src/tests/ChatBot.test.jsx"},{"assertionResults":[{"ancestorTitles":["Community Page ΓÇô Rendering Tests"],"fullName":"Community Page ΓÇô Rendering Tests Should render the Community page heading","status":"passed","title":"Should render the Community page heading","duration":412.1121000000003,"failureMessages":[],"meta":{}},{"ancestorTitles":["Community Page ΓÇô Rendering Tests"],"fullName":"Community Page ΓÇô Rendering Tests Should render the subtitle text","status":"passed","title":"Should render the subtitle text","duration":24.64300000000003,"failureMessages":[],"meta":{}},{"ancestorTitles":["Community Page ΓÇô Rendering Tests"],"fullName":"Community Page ΓÇô Rendering Tests Should render the search input field","status":"passed","title":"Should render the search input field","duration":24.648400000000038,"failureMessages":[],"meta":{}},{"ancestorTitles":["Community Page ΓÇô Rendering Tests"],"fullName":"Community Page ΓÇô Rendering Tests Should render the community-container div","status":"passed","title":"Should render the community-container div","duration":12.108000000000175,"failureMessages":[],"meta":{}},{"ancestorTitles":["Community Page ΓÇô Rendering Tests"],"fullName":"Community Page ΓÇô Rendering Tests Should render the search-bar-wrapper div","status":"passed","title":"Should render the search-bar-wrapper div","duration":12.987600000000384,"failureMessages":[],"meta":{}},{"ancestorTitles":["Community Page ΓÇô Rendering Tests"],"fullName":"Community Page ΓÇô Rendering Tests Should render search input with correct CSS class","status":"passed","title":"Should render search input with correct CSS class","duration":58.86670000000049,"failureMessages":[],"meta":{}},{"ancestorTitles":["Community Page ΓÇô Rendering Tests"],"fullName":"Community Page ΓÇô Rendering Tests Should render content-header element","status":"passed","title":"Should render content-header element","duration":24.777600000000348,"failureMessages":[],"meta":{}},{"ancestorTitles":["Community Page ΓÇô Rendering Tests"],"fullName":"Community Page ΓÇô Rendering Tests Should render greeting div inside the header","status":"passed","title":"Should render greeting div inside the header","duration":9.20180000000073,"failureMessages":[],"meta":{}},{"ancestorTitles":["Community Page ΓÇô Rendering Tests"],"fullName":"Community Page ΓÇô Rendering Tests Should render the Your Friends section after data loads","status":"passed","title":"Should render the Your Friends section after data loads","duration":57.246000000000095,"failureMessages":[],"meta":{}},{"ancestorTitles":["Community Page ΓÇô Rendering Tests"],"fullName":"Community Page ΓÇô Rendering Tests Should render the friends-list-section div","status":"passed","title":"Should render the friends-list-section div","duration":23.425099999999475,"failureMessages":[],"meta":{}},{"ancestorTitles":["Community Page ΓÇô Data Fetching Tests"],"fullName":"Community Page ΓÇô Data Fetching Tests Should call the community/data API on mount","status":"passed","title":"Should call the community/data API on mount","duration":15.728900000000067,"failureMessages":[],"meta":{}},{"ancestorTitles":["Community Page ΓÇô Data Fetching Tests"],"fullName":"Community Page ΓÇô Data Fetching Tests Should include logged-in user email as a query param","status":"passed","title":"Should include logged-in user email as a query param","duration":10.248799999999392,"failureMessages":[],"meta":{}},{"ancestorTitles":["Community Page ΓÇô Data Fetching Tests"],"fullName":"Community Page ΓÇô Data Fetching Tests Should show Your Friends (0) when no friends returned","status":"passed","title":"Should show Your Friends (0) when no friends returned","duration":21.134799999999814,"failureMessages":[],"meta":{}},{"ancestorTitles":["Community Page ΓÇô Data Fetching Tests"],"fullName":"Community Page ΓÇô Data Fetching Tests Should show empty-state message when friends list is empty","status":"passed","title":"Should show empty-state message when friends list is empty","duration":15.623599999999897,"failureMessages":[],"meta":{}},{"ancestorTitles":["Community Page ΓÇô Data Fetching Tests"],"fullName":"Community Page ΓÇô Data Fetching Tests Should not crash when the community data API fails","status":"passed","title":"Should not crash when the community data API fails","duration":22.317599999999402,"failureMessages":[],"meta":{}},{"ancestorTitles":["Community Page ΓÇô Data Fetching Tests"],"fullName":"Community Page ΓÇô Data Fetching Tests Should populate friends list when API returns friends","status":"passed","title":"Should populate friends list when API returns friends","duration":26.416699999999764,"failureMessages":[],"meta":{}},{"ancestorTitles":["Community Page ΓÇô Data Fetching Tests"],"fullName":"Community Page ΓÇô Data Fetching Tests Should show correct friends count when multiple friends returned","status":"passed","title":"Should show correct friends count when multiple friends returned","duration":27.699400000000423,"failureMessages":[],"meta":{}},{"ancestorTitles":["Community Page ΓÇô Friends List Tests"],"fullName":"Community Page ΓÇô Friends List Tests Should display the full name of a friend","status":"passed","title":"Should display the full name of a friend","duration":16.990499999999884,"failureMessages":[],"meta":{}},{"ancestorTitles":["Community Page ΓÇô Friends List Tests"],"fullName":"Community Page ΓÇô Friends List Tests Should display the username with @ prefix","status":"passed","title":"Should display the username with @ prefix","duration":14.402500000000146,"failureMessages":[],"meta":{}},{"ancestorTitles":["Community Page ΓÇô Friends List Tests"],"fullName":"Community Page ΓÇô Friends List Tests Should display streak count when streak is greater than 0","status":"passed","title":"Should display streak count when streak is greater than 0","duration":37.16659999999956,"failureMessages":[],"meta":{}},{"ancestorTitles":["Community Page ΓÇô Friends List Tests"],"fullName":"Community Page ΓÇô Friends List Tests Should NOT display streak row when streak is 0","status":"passed","title":"Should NOT display streak row when streak is 0","duration":30.016200000000026,"failureMessages":[],"meta":{}},{"ancestorTitles":["Community Page ΓÇô Friends List Tests"],"fullName":"Community Page ΓÇô Friends List Tests Should display the completed lessons count","status":"passed","title":"Should display the completed lessons count","duration":33.9987000000001,"failureMessages":[],"meta":{}},{"ancestorTitles":["Community Page ΓÇô Friends List Tests"],"fullName":"Community Page ΓÇô Friends List Tests Should show 0 lessons when completedLessons is empty array","status":"passed","title":"Should show 0 lessons when completedLessons is empty array","duration":13.76589999999942,"failureMessages":[],"meta":{}},{"ancestorTitles":["Community Page ΓÇô Friends List Tests"],"fullName":"Community Page ΓÇô Friends List Tests Should show 0 lessons when completedLessons is undefined","status":"passed","title":"Should show 0 lessons when completedLessons is undefined","duration":24.02979999999934,"failureMessages":[],"meta":{}},{"ancestorTitles":["Community Page ΓÇô Friends List Tests"],"fullName":"Community Page ΓÇô Friends List Tests Should use username as fallback display name when fullName is missing","status":"passed","title":"Should use username as fallback display name when fullName is missing","duration":14.889799999999923,"failureMessages":[],"meta":{}},{"ancestorTitles":["Community Page ΓÇô Friends List Tests"],"fullName":"Community Page ΓÇô Friends List Tests Should render a user-avatar img for each friend","status":"passed","title":"Should render a user-avatar img for each friend","duration":19.41989999999987,"failureMessages":[],"meta":{}},{"ancestorTitles":["Community Page ΓÇô Friends List Tests"],"fullName":"Community Page ΓÇô Friends List Tests Should use dicebear URL when avatarUrl is empty","status":"passed","title":"Should use dicebear URL when avatarUrl is empty","duration":16.418399999999565,"failureMessages":[],"meta":{}},{"ancestorTitles":["Community Page ΓÇô Friends List Tests"],"fullName":"Community Page ΓÇô Friends List Tests Should use provided avatarUrl when it is set","status":"passed","title":"Should use provided avatarUrl when it is set","duration":11.881599999999708,"failureMessages":[],"meta":{}},{"ancestorTitles":["Community Page ΓÇô Friends List Tests"],"fullName":"Community Page ΓÇô Friends List Tests Should navigate to friend profile when friend card is clicked","status":"passed","title":"Should navigate to friend profile when friend card is clicked","duration":98.15860000000066,"failureMessages":[],"meta":{}},{"ancestorTitles":["Community Page ΓÇô Friends List Tests"],"fullName":"Community Page ΓÇô Friends List Tests Should render multiple friend cards when multiple friends exist","status":"passed","title":"Should render multiple friend cards when multiple friends exist","duration":32.3109000000004,"failureMessages":[],"meta":{}},{"ancestorTitles":["Community Page ΓÇô Friends List Tests"],"fullName":"Community Page ΓÇô Friends List Tests Should render the friends-grid div when friends exist","status":"passed","title":"Should render the friends-grid div when friends exist","duration":16.740899999999783,"failureMessages":[],"meta":{}},{"ancestorTitles":["Community Page ΓÇô Friends List Tests"],"fullName":"Community Page ΓÇô Friends List Tests Should NOT render friends-grid when friends list is empty","status":"passed","title":"Should NOT render friends-grid when friends list is empty","duration":10.441600000000108,"failureMessages":[],"meta":{}},{"ancestorTitles":["Community Page ΓÇô Friend Requests Tests"],"fullName":"Community Page ΓÇô Friend Requests Tests Should NOT show Friend Requests section when there are no pending requests","status":"passed","title":"Should NOT show Friend Requests section when there are no pending requests","duration":15.931999999999789,"failureMessages":[],"meta":{}},{"ancestorTitles":["Community Page ΓÇô Friend Requests Tests"],"fullName":"Community Page ΓÇô Friend Requests Tests Should show the Friend Requests section when requests exist","status":"passed","title":"Should show the Friend Requests section when requests exist","duration":22.63209999999981,"failureMessages":[],"meta":{}},{"ancestorTitles":["Community Page ΓÇô Friend Requests Tests"],"fullName":"Community Page ΓÇô Friend Requests Tests Should display the badge with the correct pending count","status":"passed","title":"Should display the badge with the correct pending count","duration":24.42070000000058,"failureMessages":[],"meta":{}},{"ancestorTitles":["Community Page ΓÇô Friend Requests Tests"],"fullName":"Community Page ΓÇô Friend Requests Tests Should display the requester full name","status":"passed","title":"Should display the requester full name","duration":48.08629999999994,"failureMessages":[],"meta":{}},{"ancestorTitles":["Community Page ΓÇô Friend Requests Tests"],"fullName":"Community Page ΓÇô Friend Requests Tests Should display the requester username with @ prefix","status":"passed","title":"Should display the requester username with @ prefix","duration":28.487100000000282,"failureMessages":[],"meta":{}},{"ancestorTitles":["Community Page ΓÇô Friend Requests Tests"],"fullName":"Community Page ΓÇô Friend Requests Tests Should render an Accept button for each request","status":"passed","title":"Should render an Accept button for each request","duration":23.857899999999972,"failureMessages":[],"meta":{}},{"ancestorTitles":["Community Page ΓÇô Friend Requests Tests"],"fullName":"Community Page ΓÇô Friend Requests Tests Should render a Decline button for each request","status":"passed","title":"Should render a Decline button for each request","duration":14.770000000000437,"failureMessages":[],"meta":{}},{"ancestorTitles":["Community Page ΓÇô Friend Requests Tests"],"fullName":"Community Page ΓÇô Friend Requests Tests Should call the accept API with correct targetId","status":"passed","title":"Should call the accept API with correct targetId","duration":98.51680000000033,"failureMessages":[],"meta":{}},{"ancestorTitles":["Community Page ΓÇô Friend Requests Tests"],"fullName":"Community Page ΓÇô Friend Requests Tests Should include currentEmail in the accept request body","status":"passed","title":"Should include currentEmail in the accept request body","duration":101.70650000000023,"failureMessages":[],"meta":{}},{"ancestorTitles":["Community Page ΓÇô Friend Requests Tests"],"fullName":"Community Page ΓÇô Friend Requests Tests Should call the reject API with correct targetId","status":"passed","title":"Should call the reject API with correct targetId","duration":86.48409999999967,"failureMessages":[],"meta":{}},{"ancestorTitles":["Community Page ΓÇô Friend Requests Tests"],"fullName":"Community Page ΓÇô Friend Requests Tests Should navigate to requester profile when their name is clicked","status":"passed","title":"Should navigate to requester profile when their name is clicked","duration":135.0015000000003,"failureMessages":[],"meta":{}},{"ancestorTitles":["Community Page ΓÇô Friend Requests Tests"],"fullName":"Community Page ΓÇô Friend Requests Tests Should render the friend-requests-section div","status":"passed","title":"Should render the friend-requests-section div","duration":20.788700000000063,"failureMessages":[],"meta":{}},{"ancestorTitles":["Community Page ΓÇô Friend Requests Tests"],"fullName":"Community Page ΓÇô Friend Requests Tests Should render the requests-grid div","status":"passed","title":"Should render the requests-grid div","duration":15.043700000000172,"failureMessages":[],"meta":{}},{"ancestorTitles":["Community Page ΓÇô Friend Requests Tests"],"fullName":"Community Page ΓÇô Friend Requests Tests Should render request-card div for each request","status":"passed","title":"Should render request-card div for each request","duration":15.128899999999703,"failureMessages":[],"meta":{}},{"ancestorTitles":["Community Page ΓÇô Friend Requests Tests"],"fullName":"Community Page ΓÇô Friend Requests Tests Should render user avatar in request card","status":"passed","title":"Should render user avatar in request card","duration":23.094900000000052,"failureMessages":[],"meta":{}},{"ancestorTitles":["Community Page ΓÇô Search Tests"],"fullName":"Community Page ΓÇô Search Tests Should show Search Results heading when user starts typing","status":"passed","title":"Should show Search Results heading when user starts typing","duration":85.14800000000014,"failureMessages":[],"meta":{}},{"ancestorTitles":["Community Page ΓÇô Search Tests"],"fullName":"Community Page ΓÇô Search Tests Should show \"Searching for learners...\" while debounce is pending","status":"passed","title":"Should show \"Searching for learners...\" while debounce is pending","duration":128.04410000000007,"failureMessages":[],"meta":{}},{"ancestorTitles":["Community Page ΓÇô Search Tests"],"fullName":"Community Page ΓÇô Search Tests Should display full name of a search result","status":"passed","title":"Should display full name of a search result","duration":91.71290000000045,"failureMessages":[],"meta":{}},{"ancestorTitles":["Community Page ΓÇô Search Tests"],"fullName":"Community Page ΓÇô Search Tests Should display username with @ prefix in search results","status":"passed","title":"Should display username with @ prefix in search results","duration":111.65980000000036,"failureMessages":[],"meta":{}},{"ancestorTitles":["Community Page ΓÇô Search Tests"],"fullName":"Community Page ΓÇô Search Tests Should show \"No learners found\" message when search returns empty","status":"passed","title":"Should show \"No learners found\" message when search returns empty","duration":89.1279999999997,"failureMessages":[],"meta":{}},{"ancestorTitles":["Community Page ΓÇô Search Tests"],"fullName":"Community Page ΓÇô Search Tests Should include the search query text in the no-results message","status":"passed","title":"Should include the search query text in the no-results message","duration":73.90579999999954,"failureMessages":[],"meta":{}},{"ancestorTitles":["Community Page ΓÇô Search Tests"],"fullName":"Community Page ΓÇô Search Tests Should filter the logged-in user out of search results","status":"passed","title":"Should filter the logged-in user out of search results","duration":99.56750000000011,"failureMessages":[],"meta":{}},{"ancestorTitles":["Community Page ΓÇô Search Tests"],"fullName":"Community Page ΓÇô Search Tests Should navigate to user profile when a search result card is clicked","status":"passed","title":"Should navigate to user profile when a search result card is clicked","duration":119.91719999999987,"failureMessages":[],"meta":{}},{"ancestorTitles":["Community Page ΓÇô Search Tests"],"fullName":"Community Page ΓÇô Search Tests Should hide search results and restore friends view when input is cleared","status":"passed","title":"Should hide search results and restore friends view when input is cleared","duration":125.58150000000023,"failureMessages":[],"meta":{}},{"ancestorTitles":["Community Page ΓÇô Search Tests"],"fullName":"Community Page ΓÇô Search Tests Should call the search API with the correct query string","status":"passed","title":"Should call the search API with the correct query string","duration":69.48619999999937,"failureMessages":[],"meta":{}},{"ancestorTitles":["Community Page ΓÇô Search Tests"],"fullName":"Community Page ΓÇô Search Tests Should NOT call the search API when input is empty on mount","status":"passed","title":"Should NOT call the search API when input is empty on mount","duration":38.69619999999941,"failureMessages":[],"meta":{}},{"ancestorTitles":["Community Page ΓÇô Search Tests"],"fullName":"Community Page ΓÇô Search Tests Should not crash when the search API fails","status":"passed","title":"Should not crash when the search API fails","duration":58.26920000000064,"failureMessages":[],"meta":{}},{"ancestorTitles":["Community Page ΓÇô Search Tests"],"fullName":"Community Page ΓÇô Search Tests Should use username as fallback display name when fullName is absent","status":"passed","title":"Should use username as fallback display name when fullName is absent","duration":117.65889999999945,"failureMessages":[],"meta":{}},{"ancestorTitles":["Community Page ΓÇô Search Tests"],"fullName":"Community Page ΓÇô Search Tests Should render user-avatar img in search result cards","status":"passed","title":"Should render user-avatar img in search result cards","duration":96.15149999999994,"failureMessages":[],"meta":{}},{"ancestorTitles":["Community Page ΓÇô Search Tests"],"fullName":"Community Page ΓÇô Search Tests Should render a ChevronRight svg icon inside each search result card","status":"passed","title":"Should render a ChevronRight svg icon inside each search result card","duration":77.61500000000069,"failureMessages":[],"meta":{}},{"ancestorTitles":["Community Page ΓÇô Mixed State Tests"],"fullName":"Community Page ΓÇô Mixed State Tests Should show both friend requests and friends at the same time","status":"passed","title":"Should show both friend requests and friends at the same time","duration":26.060599999999795,"failureMessages":[],"meta":{}},{"ancestorTitles":["Community Page ΓÇô Mixed State Tests"],"fullName":"Community Page ΓÇô Mixed State Tests Should hide friend requests section when no requests exist","status":"passed","title":"Should hide friend requests section when no requests exist","duration":21.030300000000352,"failureMessages":[],"meta":{}},{"ancestorTitles":["Community Page ΓÇô Mixed State Tests"],"fullName":"Community Page ΓÇô Mixed State Tests Should hide both sections during active search and restore on clear","status":"passed","title":"Should hide both sections during active search and restore on clear","duration":145.0586000000003,"failureMessages":[],"meta":{}}],"startTime":1773193182173,"endTime":1773193185615.0586,"status":"passed","message":"","name":"C:/Users/Girish Kumar/LinguaAble/Accessible-Language-Learning-Platform/frontend/src/tests/Community.test.jsx"},{"assertionResults":[{"ancestorTitles":["DailyStudyPlan Component Tests","Structure Tests"],"fullName":"DailyStudyPlan Component Tests Structure Tests Should render the plan card container","status":"passed","title":"Should render the plan card container","duration":60.2808,"failureMessages":[],"meta":{}},{"ancestorTitles":["DailyStudyPlan Component Tests","Structure Tests"],"fullName":"DailyStudyPlan Component Tests Structure Tests Should render AI Coach badge","status":"passed","title":"Should render AI Coach badge","duration":40.46320000000014,"failureMessages":[],"meta":{}},{"ancestorTitles":["DailyStudyPlan Component Tests","Structure Tests"],"fullName":"DailyStudyPlan Component Tests Structure Tests Should render Today's Study Plan heading","status":"passed","title":"Should render Today's Study Plan heading","duration":13.256600000000162,"failureMessages":[],"meta":{}},{"ancestorTitles":["DailyStudyPlan Component Tests","Structure Tests"],"fullName":"DailyStudyPlan Component Tests Structure Tests Should render refresh button","status":"passed","title":"Should render refresh button","duration":274.4485999999997,"failureMessages":[],"meta":{}},{"ancestorTitles":["DailyStudyPlan Component Tests","Structure Tests"],"fullName":"DailyStudyPlan Component Tests Structure Tests Should render plan body container","status":"passed","title":"Should render plan body container","duration":14.279899999999998,"failureMessages":[],"meta":{}},{"ancestorTitles":["DailyStudyPlan Component Tests","Structure Tests"],"fullName":"DailyStudyPlan Component Tests Structure Tests Should render plan header container","status":"passed","title":"Should render plan header container","duration":8.374199999999746,"failureMessages":[],"meta":{}},{"ancestorTitles":["DailyStudyPlan Component Tests","Loading State Tests"],"fullName":"DailyStudyPlan Component Tests Loading State Tests Should show shimmer loader while fetching","status":"passed","title":"Should show shimmer loader while fetching","duration":17.27460000000019,"failureMessages":[],"meta":{}},{"ancestorTitles":["DailyStudyPlan Component Tests","Loading State Tests"],"fullName":"DailyStudyPlan Component Tests Loading State Tests Should show both shimmer lines while loading","status":"passed","title":"Should show both shimmer lines while loading","duration":20.204600000000028,"failureMessages":[],"meta":{}},{"ancestorTitles":["DailyStudyPlan Component Tests","Loading State Tests"],"fullName":"DailyStudyPlan Component Tests Loading State Tests Should disable refresh button while loading","status":"passed","title":"Should disable refresh button while loading","duration":40.31150000000025,"failureMessages":[],"meta":{}},{"ancestorTitles":["DailyStudyPlan Component Tests","Loading State Tests"],"fullName":"DailyStudyPlan Component Tests Loading State Tests Should hide shimmer after plan is loaded","status":"passed","title":"Should hide shimmer after plan is loaded","duration":29.33050000000003,"failureMessages":[],"meta":{}},{"ancestorTitles":["DailyStudyPlan Component Tests","Loading State Tests"],"fullName":"DailyStudyPlan Component Tests Loading State Tests Should enable refresh button after loading completes","status":"passed","title":"Should enable refresh button after loading completes","duration":51.271999999999935,"failureMessages":[],"meta":{}},{"ancestorTitles":["DailyStudyPlan Component Tests","Success State Tests"],"fullName":"DailyStudyPlan Component Tests Success State Tests Should display plan text after successful fetch","status":"passed","title":"Should display plan text after successful fetch","duration":25.350400000000263,"failureMessages":[],"meta":{}},{"ancestorTitles":["DailyStudyPlan Component Tests","Success State Tests"],"fullName":"DailyStudyPlan Component Tests Success State Tests Should render plan inside db-ai-plan-text container","status":"passed","title":"Should render plan inside db-ai-plan-text container","duration":15.61010000000033,"failureMessages":[],"meta":{}},{"ancestorTitles":["DailyStudyPlan Component Tests","Success State Tests"],"fullName":"DailyStudyPlan Component Tests Success State Tests Should NOT show error when plan loads successfully","status":"passed","title":"Should NOT show error when plan loads successfully","duration":9.48680000000013,"failureMessages":[],"meta":{}},{"ancestorTitles":["DailyStudyPlan Component Tests","Success State Tests"],"fullName":"DailyStudyPlan Component Tests Success State Tests Should NOT show placeholder text when plan is loaded","status":"passed","title":"Should NOT show placeholder text when plan is loaded","duration":12.06269999999995,"failureMessages":[],"meta":{}},{"ancestorTitles":["DailyStudyPlan Component Tests","Success State Tests"],"fullName":"DailyStudyPlan Component Tests Success State Tests Should call axios.post with correct endpoint","status":"passed","title":"Should call axios.post with correct endpoint","duration":12.709199999999782,"failureMessages":[],"meta":{}},{"ancestorTitles":["DailyStudyPlan Component Tests","Success State Tests"],"fullName":"DailyStudyPlan Component Tests Success State Tests Should send completedLessons in request payload","status":"passed","title":"Should send completedLessons in request payload","duration":10.731800000000021,"failureMessages":[],"meta":{}},{"ancestorTitles":["DailyStudyPlan Component Tests","Success State Tests"],"fullName":"DailyStudyPlan Component Tests Success State Tests Should send streak in request payload","status":"passed","title":"Should send streak in request payload","duration":11.919300000000021,"failureMessages":[],"meta":{}},{"ancestorTitles":["DailyStudyPlan Component Tests","Success State Tests"],"fullName":"DailyStudyPlan Component Tests Success State Tests Should send dailyGoalMinutes in request payload","status":"passed","title":"Should send dailyGoalMinutes in request payload","duration":11.105000000000018,"failureMessages":[],"meta":{}},{"ancestorTitles":["DailyStudyPlan Component Tests","Error State Tests"],"fullName":"DailyStudyPlan Component Tests Error State Tests Should show error message when API call fails","status":"passed","title":"Should show error message when API call fails","duration":23.189699999999903,"failureMessages":[],"meta":{}},{"ancestorTitles":["DailyStudyPlan Component Tests","Error State Tests"],"fullName":"DailyStudyPlan Component Tests Error State Tests Should render error inside db-ai-error element","status":"passed","title":"Should render error inside db-ai-error element","duration":15.109699999999975,"failureMessages":[],"meta":{}},{"ancestorTitles":["DailyStudyPlan Component Tests","Error State Tests"],"fullName":"DailyStudyPlan Component Tests Error State Tests Should NOT show shimmer when error occurs","status":"passed","title":"Should NOT show shimmer when error occurs","duration":31.60109999999986,"failureMessages":[],"meta":{}},{"ancestorTitles":["DailyStudyPlan Component Tests","Error State Tests"],"fullName":"DailyStudyPlan Component Tests Error State Tests Should NOT show plan text when error occurs","status":"passed","title":"Should NOT show plan text when error occurs","duration":10.295200000000023,"failureMessages":[],"meta":{}},{"ancestorTitles":["DailyStudyPlan Component Tests","Error State Tests"],"fullName":"DailyStudyPlan Component Tests Error State Tests Should enable refresh button after error","status":"passed","title":"Should enable refresh button after error","duration":49.29549999999972,"failureMessages":[],"meta":{}},{"ancestorTitles":["DailyStudyPlan Component Tests","Placeholder State Tests"],"fullName":"DailyStudyPlan Component Tests Placeholder State Tests Should show placeholder when no plan and not loading and no error","status":"passed","title":"Should show placeholder when no plan and not loading and no error","duration":25.0283000000004,"failureMessages":[],"meta":{}},{"ancestorTitles":["DailyStudyPlan Component Tests","Placeholder State Tests"],"fullName":"DailyStudyPlan Component Tests Placeholder State Tests Should render placeholder inside db-ai-placeholder class","status":"passed","title":"Should render placeholder inside db-ai-placeholder class","duration":25.001000000000204,"failureMessages":[],"meta":{}},{"ancestorTitles":["DailyStudyPlan Component Tests","Cache Tests"],"fullName":"DailyStudyPlan Component Tests Cache Tests Should use cached plan when snapshot matches","status":"passed","title":"Should use cached plan when snapshot matches","duration":15.753099999999904,"failureMessages":[],"meta":{}},{"ancestorTitles":["DailyStudyPlan Component Tests","Cache Tests"],"fullName":"DailyStudyPlan Component Tests Cache Tests Should save plan to sessionStorage after fetch","status":"passed","title":"Should save plan to sessionStorage after fetch","duration":15.101700000000164,"failureMessages":[],"meta":{}},{"ancestorTitles":["DailyStudyPlan Component Tests","Cache Tests"],"fullName":"DailyStudyPlan Component Tests Cache Tests Should save snapshot to sessionStorage after fetch","status":"passed","title":"Should save snapshot to sessionStorage after fetch","duration":12.70659999999998,"failureMessages":[],"meta":{}},{"ancestorTitles":["DailyStudyPlan Component Tests","Cache Tests"],"fullName":"DailyStudyPlan Component Tests Cache Tests Should bypass cache and call API when forceRefresh is true","status":"passed","title":"Should bypass cache and call API when forceRefresh is true","duration":98.33870000000024,"failureMessages":[],"meta":{}},{"ancestorTitles":["DailyStudyPlan Component Tests","Refresh Button Tests"],"fullName":"DailyStudyPlan Component Tests Refresh Button Tests Should call API when refresh button is clicked","status":"passed","title":"Should call API when refresh button is clicked","duration":94.43280000000004,"failureMessages":[],"meta":{}},{"ancestorTitles":["DailyStudyPlan Component Tests","Refresh Button Tests"],"fullName":"DailyStudyPlan Component Tests Refresh Button Tests Should show loading state when refresh clicked","status":"passed","title":"Should show loading state when refresh clicked","duration":92.85320000000002,"failureMessages":[],"meta":{}},{"ancestorTitles":["DailyStudyPlan Component Tests","Refresh Button Tests"],"fullName":"DailyStudyPlan Component Tests Refresh Button Tests Should clear previous error when refresh is clicked","status":"passed","title":"Should clear previous error when refresh is clicked","duration":78.10120000000006,"failureMessages":[],"meta":{}}],"startTime":1773193188610,"endTime":1773193189878.1013,"status":"passed","message":"","name":"C:/Users/Girish Kumar/LinguaAble/Accessible-Language-Learning-Platform/frontend/src/tests/DailyStudyPlan.test.jsx"},{"assertionResults":[{"ancestorTitles":["Dashboard Component Tests"],"fullName":"Dashboard Component Tests Should render dashboard with main sections","status":"failed","title":"Should render dashboard with main sections","duration":424.8836000000001,"failureMessages":["TestingLibraryElementError: Found multiple elements with the text: (content, element) => element.textContent.includes(\"TestUser\")\n\nHere are the matching elements:\n\nIgnored nodes: comments, script, style\n\u001b[36m<body>\u001b[39m\n  \u001b[36m<div>\u001b[39m\n    \u001b[36m<div\u001b[39m\n      \u001b[33mclass\u001b[39m=\u001b[32m\"main-content db-root\"\u001b[39m\n    \u001b[36m>\u001b[39m\n      \u001b[36m<header\u001b[39m\n        \u001b[33mclass\u001b[39m=\u001b[32m\"db-header\"\u001b[39m\n      \u001b[36m>\u001b[39m\n        \u001b[36m<div>\u001b[39m\n          \u001b[36m<div\u001b[39m\n            \u001b[33mclass\u001b[39m=\u001b[32m\"db-namaste\"\u001b[39m\n          \u001b[36m>\u001b[39m\n            \u001b[0mαñ¿αñ«αñ╕αÑìαññαÑç,\u001b[0m\n          \u001b[36m</div>\u001b[39m\n          \u001b[36m<h1\u001b[39m\n            \u001b[33mclass\u001b[39m=\u001b[32m\"db-name\"\u001b[39m\n          \u001b[36m>\u001b[39m\n            \u001b[0mTestUser\u001b[0m\n            \u001b[0m ≡ƒæï\u001b[0m\n          \u001b[36m</h1>\u001b[39m\n          \u001b[36m<p\u001b[39m\n            \u001b[33mclass\u001b[39m=\u001b[32m\"db-subtitle\"\u001b[39m\n          \u001b[36m>\u001b[39m\n            \u001b[0mReady to continue your Hindi journey?\u001b[0m\n          \u001b[36m</p>\u001b[39m\n        \u001b[36m</div>\u001b[39m\n        \u001b[36m<div\u001b[39m\n          \u001b[33mclass\u001b[39m=\u001b[32m\"db-header-right\"\u001b[39m\n        \u001b[36m>\u001b[39m\n          \u001b[36m<div\u001b[39m\n            \u001b[33mclass\u001b[39m=\u001b[32m\"db-streak\"\u001b[39m\n          \u001b[36m>\u001b[39m\n            \u001b[36m<svg\u001b[39m\n              \u001b[33maria-hidden\u001b[39m=\u001b[32m\"true\"\u001b[39m\n              \u001b[33mclass\u001b[39m=\u001b[32m\"lucide lucide-flame\"\u001b[39m\n              \u001b[33mfill\u001b[39m=\u001b[32m\"currentColor\"\u001b[39m\n              \u001b[33mheight\u001b[39m=\u001b[32m\"15\"\u001b[39m\n              \u001b[33mstroke\u001b[39m=\u001b[32m\"currentColor\"\u001b[39m\n              \u001b[33mstroke-linecap\u001b[39m=\u001b[32m\"round\"\u001b[39m\n              \u001b[33mstroke-linejoin\u001b[39m=\u001b[32m\"round\"\u001b[39m\n              \u001b[33mstroke-width\u001b[39m=\u001b[32m\"2\"\u001b[39m\n              \u001b[33mviewBox\u001b[39m=\u001b[32m\"0 0 24 24\"\u001b[39m\n              \u001b[33mwidth\u001b[39m=\u001b[32m\"15\"\u001b[39m\n              \u001b[33mxmlns\u001b[39m=\u001b[32m\"http://www.w3.org/2000/svg\"\u001b[39m\n            \u001b[36m>\u001b[39m\n              \u001b[36m<path\u001b[39m\n                \u001b[33md\u001b[39m=\u001b[32m\"M12 3q1 4 4 6.5t3 5.5a1 1 0 0 1-14 0 5 5 0 0 1 1-3 1 1 0 0 0 5 0c0-2-1.5-3-1.5-5q0-2 2.5-4\"\u001b[39m\n              \u001b[36m/>\u001b[39m\n            \u001b[36m</svg>\u001b[39m\n            \u001b[0m1\u001b[0m\n            \u001b[0m Day\u001b[0m\n            \u001b[0m Streak\u001b[0m\n          \u001b[36m</div>\u001b[39m\n          \u001b[36m<div\u001b[39m\n            \u001b[33mclass\u001b[39m=\u001b[32m\"notification-container\"\u001b[39m\n          \u001b[36m>\u001b[39m\n            \u001b[36m<div\u001b[39m\n              \u001b[33mclass\u001b[39m=\u001b[32m\"_nb\"\u001b[39m\n            \u001b[36m>\u001b[39m\n              \u001b[36m<button\u001b[39m\n                \u001b[33maria-label\u001b[39m=\u001b[32m\"Notifications\"\u001b[39m\n                \u001b[33mclass\u001b[39m=\u001b[32m\"db-icon-btn\"\u001b[39m\n              \u001b[36m>\u001b[39m\n                \u001b[36m<svg\u001b[39m\n                  \u001b[33maria-hidden\u001b[39m=\u001b[32m\"true\"\u001b[39m\n                  \u001b[33mclass\u001b[39m=\u001b[32m\"lucide lucide-bell\"\u001b[39m\n                  \u001b[33mfill\u001b[39m=\u001b[32m\"none\"\u001b[39m\n                  \u001b[33mheight\u001b[39m=\u001b[32m\"18\"\u001b[39m\n                  \u001b[33mstroke\u001b[39m=\u001b[32m\"currentColor\"\u001b[39m\n                  \u001b[33mstroke-linecap\u001b[39m=\u001b[32m\"round\"\u001b[39m\n                  \u001b[33mstroke-linejoin\u001b[39m=\u001b[32m\"round\"\u001b[39m\n                  \u001b[33mstroke-width\u001b[39m=\u001b[32m\"2\"\u001b[39m\n                  \u001b[33mviewBox\u001b[39m=\u001b[32m\"0 0 24 24\"\u001b[39m\n                  \u001b[33mwidth\u001b[39m=\u001b[32m\"18\"\u001b[39m\n                  \u001b[33mxmlns\u001b[39m=\u001b[32m\"http://www.w3.org/2000/svg\"\u001b[39m\n                \u001b[36m>\u001b[39m\n                  \u001b[36m<path\u001b[39m\n                    \u001b[33md\u001b[39m=\u001b[32m\"M10.268 21a2 2 0 0 0 3.464 0\"\u001b[39m\n                  \u001b[36m/>\u001b[39m\n                  \u001b[36m<path\u001b[39m\n                    \u001b[33md\u001b[39m=\u001b[32m\"M3.262 15.326A1 1 0 0 0 4 17h16a1 1 0 0 0 .74-1.673C19.41 13.956 18 12.499 18 8A6 6 0 0 0 6 8c0 4.499-1.411 5.956-2.738 7.326\"\u001b[39m\n                  \u001b[36m/>\u001b[39m\n                \u001b[36m</svg>\u001b[39m\n              \u001b[36m</button>\u001b[39m\n            \u001b[36m</div>\u001b[39m\n          \u001b[36m</div>\u001b[39m\n          \u001b[36m<div\u001b[39m\n            \u001b[33mclass\u001b[39m=\u001b[32m\"profile-avatar-container\"\u001b[39m\n          \u001b[36m>\u001b[39m\n            \u001b[36m<div\u001b[39m\n              \u001b[33mclass\u001b[39m=\u001b[32m\"profile-avatar\"\u001b[39m\n              \u001b[33mstyle\u001b[39m=\u001b[32m\"cursor: pointer;\"\u001b[39m\n            \u001b[36m>\u001b[39m\n              \u001b[36m<img\u001b[39m\n                \u001b[33malt\u001b[39m=\u001b[32m\"User avatar\"\u001b[39m\n                \u001b[33msrc\u001b[39m=\u001b[32m\"https://api.dicebear.com/7.x/avataaars/svg?seed=TestUser\"\u001b[39m\n                \u001b[33mstyle\u001b[39m=\u001b[32m\"width: 100%; height: 100%; object-fit: cover; border-radius: 50%;\"\u001b[39m\n              \u001b[36m/>\u001b[39m\n            \u001b[36m</div>\u001b[39m\n          \u001b[36m</div>\u001b[39m\n        \u001b[36m</div>\u001b[39m\n      \u001b[36m</header>\u001b[39m\n      \u001b[36m<div\u001b[39m\n        \u001b[33mclass\u001b[39m=\u001b[32m\"db-top-grid\"\u001b[39m\n      \u001b[36m>\u001b[39m\n        \u001b[36m<div\u001b[39m\n          \u001b[33mclass\u001b[39m=\u001b[32m\"db-hero\"\u001b[39m\n        \u001b[36m>\u001b[39m\n          \u001b[36m<span\u001b[39m\n            \u001b[33mclass\u001b[39m=\u001b[32m\"db-hero-badge\"\u001b[39m\n          \u001b[36m>\u001b[39m\n            \u001b[0mΓåÆ CONTINUE LEARNING\u001b[0m\n          \u001b[36m</span>\u001b[39m\n          \u001b[36m<h2\u001b[39m\n            \u001b[33mclass\u001b[39m=\u001b[32m\"db-hero-title\"\u001b[39m\n          \u001b[36m>\u001b[39m\n            \u001b[0mCommon Phrases\u001b[0m\n          \u001b[36m</h2>\u001b[39m\n          \u001b[36m<p\u001b[39m\n            \u001b[33mclass\u001b[39m=\u001b[32m\"db-hero-hindi\"\u001b[39m\n          \u001b[36m>\u001b[39m\n            \u001b[0mαñåαñ« αñ╡αñ╛αñòαÑìαñ»αñ╛αñéαñ╢\u001b[0m\n          \u001b[36m</p>\u001b[39m\n          \u001b[36m<p\u001b[39m\n            \u001b[33mclass\u001b[39m=\u001b[32m\"db-hero-desc\"\u001b[39m\n          \u001b[36m>\u001b[39m\n            \u001b[0mMaster 10 essential greetings for daily conversation\u001b[0m\n          \u001b[36m</p>\u001b[39m\n          \u001b[36m<button\u001b[39m\n            \u001b[33mclass\u001b[39m=\u001b[32m\"db-start-btn\"\u001b[39m\n          \u001b[36m>\u001b[39m\n            \u001b[36m<svg\u001b[39m\n              \u001b[33maria-hidden\u001b[39m=\u001b[32m\"true\"\u001b[39m\n              \u001b[33mclass\u001b[39m=\u001b[32m\"lucide lucide-circle-play\"\u001b[39m\n              \u001b[33mfill\u001b[39m=\u001b[32m\"none\"\u001b[39m\n              \u001b[33mheight\u001b[39m=\u001b[32m\"18\"\u001b[39m\n              \u001b[33mstroke\u001b[39m=\u001b[32m\"currentColor\"\u001b[39m\n              \u001b[33mstroke-linecap\u001b[39m=\u001b[32m\"round\"\u001b[39m\n              \u001b[33mstroke-linejoin\u001b[39m=\u001b[32m\"round\"\u001b[39m\n              \u001b[33mstroke-width\u001b[39m=\u001b[32m\"2\"\u001b[39m\n              \u001b[33mviewBox\u001b[39m=\u001b[32m\"0 0 24 24\"\u001b[39m\n              \u001b[33mwidth\u001b[39m=\u001b[32m\"18\"\u001b[39m\n              \u001b[33mxmlns\u001b[39m=\u001b[32m\"http://www.w3.org/2000/svg\"\u001b[39m\n            \u001b[36m>\u001b[39m\n              \u001b[36m<path\u001b[39m\n                \u001b[33md\u001b[39m=\u001b[32m\"M9 9.003a1 1 0 0 1 1.517-.859l4.997 2.997a1 1 0 0 1 0 1.718l-4.997 2.997A1 1 0 0 1 9 14.996z\"\u001b[39m\n              \u001b[36m/>\u001b[39m\n              \u001b[36m<circle\u001b[39m\n                \u001b[33mcx\u001b[39m=\u001b[32m\"12\"\u001b[39m\n                \u001b[33mcy\u001b[39m=\u001b[32m\"12\"\u001b[39m\n                \u001b[33mr\u001b[39m=\u001b[32m\"10\"\u001b[39m\n              \u001b[36m/>\u001b[39m\n            \u001b[36m</svg>\u001b[39m\n            \u001b[0m START NOW\u001b[0m\n          \u001b[36m</button>\u001b[39m\n        \u001b[36m</div>\u001b[39m\n        \u001b[36m<div\u001b[39m\n          \u001b[33mclass\u001b[39m=\u001b[32m\"db-right-col\"\u001b[39m\n        \u001b[36m>\u001b[39m\n          \u001b[36m<div\u001b[39m\n            \u001b[33mclass\u001b[39m=\u001b[32m\"db-goal-card\"\u001b[39m\n          \u001b[36m>\u001b[39m\n            \u001b[36m<div\u001b[39m\n              \u001b[33mclass\u001b[39m=\u001b[32m\"db-card-row\"\u001b[39m\n            \u001b[36m>\u001b[39m\n              \u001b[36m<span\u001b[39m\n                \u001b[33mclass\u001b[39m=\u001b[32m\"db-label\"\u001b[39m\n              \u001b[36m>\u001b[39m\n                \u001b[0mDaily Goal\u001b[0m\n              \u001b[36m</span>\u001b[39m\n            \u001b[36m</div>\u001b[39m\n            \u001b[36m<div\u001b[39m\n              \u001b[33mclass\u001b[39m=\u001b[32m\"db-goal-body\"\u001b[39m\n            \u001b[36m>\u001b[39m\n              \u001b[36m<div\u001b[39m\n                \u001b[33mclass\u001b[3...\n\nIgnored nodes: comments, script, style\n\u001b[36m<div>\u001b[39m\n  \u001b[36m<div\u001b[39m\n    \u001b[33mclass\u001b[39m=\u001b[32m\"main-content db-root\"\u001b[39m\n  \u001b[36m>\u001b[39m\n    \u001b[36m<header\u001b[39m\n      \u001b[33mclass\u001b[39m=\u001b[32m\"db-header\"\u001b[39m\n    \u001b[36m>\u001b[39m\n      \u001b[36m<div>\u001b[39m\n        \u001b[36m<div\u001b[39m\n          \u001b[33mclass\u001b[39m=\u001b[32m\"db-namaste\"\u001b[39m\n        \u001b[36m>\u001b[39m\n          \u001b[0mαñ¿αñ«αñ╕αÑìαññαÑç,\u001b[0m\n        \u001b[36m</div>\u001b[39m\n        \u001b[36m<h1\u001b[39m\n          \u001b[33mclass\u001b[39m=\u001b[32m\"db-name\"\u001b[39m\n        \u001b[36m>\u001b[39m\n          \u001b[0mTestUser\u001b[0m\n          \u001b[0m ≡ƒæï\u001b[0m\n        \u001b[36m</h1>\u001b[39m\n        \u001b[36m<p\u001b[39m\n          \u001b[33mclass\u001b[39m=\u001b[32m\"db-subtitle\"\u001b[39m\n        \u001b[36m>\u001b[39m\n          \u001b[0mReady to continue your Hindi journey?\u001b[0m\n        \u001b[36m</p>\u001b[39m\n      \u001b[36m</div>\u001b[39m\n      \u001b[36m<div\u001b[39m\n        \u001b[33mclass\u001b[39m=\u001b[32m\"db-header-right\"\u001b[39m\n      \u001b[36m>\u001b[39m\n        \u001b[36m<div\u001b[39m\n          \u001b[33mclass\u001b[39m=\u001b[32m\"db-streak\"\u001b[39m\n        \u001b[36m>\u001b[39m\n          \u001b[36m<svg\u001b[39m\n            \u001b[33maria-hidden\u001b[39m=\u001b[32m\"true\"\u001b[39m\n            \u001b[33mclass\u001b[39m=\u001b[32m\"lucide lucide-flame\"\u001b[39m\n            \u001b[33mfill\u001b[39m=\u001b[32m\"currentColor\"\u001b[39m\n            \u001b[33mheight\u001b[39m=\u001b[32m\"15\"\u001b[39m\n            \u001b[33mstroke\u001b[39m=\u001b[32m\"currentColor\"\u001b[39m\n            \u001b[33mstroke-linecap\u001b[39m=\u001b[32m\"round\"\u001b[39m\n            \u001b[33mstroke-linejoin\u001b[39m=\u001b[32m\"round\"\u001b[39m\n            \u001b[33mstroke-width\u001b[39m=\u001b[32m\"2\"\u001b[39m\n            \u001b[33mviewBox\u001b[39m=\u001b[32m\"0 0 24 24\"\u001b[39m\n            \u001b[33mwidth\u001b[39m=\u001b[32m\"15\"\u001b[39m\n            \u001b[33mxmlns\u001b[39m=\u001b[32m\"http://www.w3.org/2000/svg\"\u001b[39m\n          \u001b[36m>\u001b[39m\n            \u001b[36m<path\u001b[39m\n              \u001b[33md\u001b[39m=\u001b[32m\"M12 3q1 4 4 6.5t3 5.5a1 1 0 0 1-14 0 5 5 0 0 1 1-3 1 1 0 0 0 5 0c0-2-1.5-3-1.5-5q0-2 2.5-4\"\u001b[39m\n            \u001b[36m/>\u001b[39m\n          \u001b[36m</svg>\u001b[39m\n          \u001b[0m1\u001b[0m\n          \u001b[0m Day\u001b[0m\n          \u001b[0m Streak\u001b[0m\n        \u001b[36m</div>\u001b[39m\n        \u001b[36m<div\u001b[39m\n          \u001b[33mclass\u001b[39m=\u001b[32m\"notification-container\"\u001b[39m\n        \u001b[36m>\u001b[39m\n          \u001b[36m<div\u001b[39m\n            \u001b[33mclass\u001b[39m=\u001b[32m\"_nb\"\u001b[39m\n          \u001b[36m>\u001b[39m\n            \u001b[36m<button\u001b[39m\n              \u001b[33maria-label\u001b[39m=\u001b[32m\"Notifications\"\u001b[39m\n              \u001b[33mclass\u001b[39m=\u001b[32m\"db-icon-btn\"\u001b[39m\n            \u001b[36m>\u001b[39m\n              \u001b[36m<svg\u001b[39m\n                \u001b[33maria-hidden\u001b[39m=\u001b[32m\"true\"\u001b[39m\n                \u001b[33mclass\u001b[39m=\u001b[32m\"lucide lucide-bell\"\u001b[39m\n                \u001b[33mfill\u001b[39m=\u001b[32m\"none\"\u001b[39m\n                \u001b[33mheight\u001b[39m=\u001b[32m\"18\"\u001b[39m\n                \u001b[33mstroke\u001b[39m=\u001b[32m\"currentColor\"\u001b[39m\n                \u001b[33mstroke-linecap\u001b[39m=\u001b[32m\"round\"\u001b[39m\n                \u001b[33mstroke-linejoin\u001b[39m=\u001b[32m\"round\"\u001b[39m\n                \u001b[33mstroke-width\u001b[39m=\u001b[32m\"2\"\u001b[39m\n                \u001b[33mviewBox\u001b[39m=\u001b[32m\"0 0 24 24\"\u001b[39m\n                \u001b[33mwidth\u001b[39m=\u001b[32m\"18\"\u001b[39m\n                \u001b[33mxmlns\u001b[39m=\u001b[32m\"http://www.w3.org/2000/svg\"\u001b[39m\n              \u001b[36m>\u001b[39m\n                \u001b[36m<path\u001b[39m\n                  \u001b[33md\u001b[39m=\u001b[32m\"M10.268 21a2 2 0 0 0 3.464 0\"\u001b[39m\n                \u001b[36m/>\u001b[39m\n                \u001b[36m<path\u001b[39m\n                  \u001b[33md\u001b[39m=\u001b[32m\"M3.262 15.326A1 1 0 0 0 4 17h16a1 1 0 0 0 .74-1.673C19.41 13.956 18 12.499 18 8A6 6 0 0 0 6 8c0 4.499-1.411 5.956-2.738 7.326\"\u001b[39m\n                \u001b[36m/>\u001b[39m\n              \u001b[36m</svg>\u001b[39m\n            \u001b[36m</button>\u001b[39m\n          \u001b[36m</div>\u001b[39m\n        \u001b[36m</div>\u001b[39m\n        \u001b[36m<div\u001b[39m\n          \u001b[33mclass\u001b[39m=\u001b[32m\"profile-avatar-container\"\u001b[39m\n        \u001b[36m>\u001b[39m\n          \u001b[36m<div\u001b[39m\n            \u001b[33mclass\u001b[39m=\u001b[32m\"profile-avatar\"\u001b[39m\n            \u001b[33mstyle\u001b[39m=\u001b[32m\"cursor: pointer;\"\u001b[39m\n          \u001b[36m>\u001b[39m\n            \u001b[36m<img\u001b[39m\n              \u001b[33malt\u001b[39m=\u001b[32m\"User avatar\"\u001b[39m\n              \u001b[33msrc\u001b[39m=\u001b[32m\"https://api.dicebear.com/7.x/avataaars/svg?seed=TestUser\"\u001b[39m\n              \u001b[33mstyle\u001b[39m=\u001b[32m\"width: 100%; height: 100%; object-fit: cover; border-radius: 50%;\"\u001b[39m\n            \u001b[36m/>\u001b[39m\n          \u001b[36m</div>\u001b[39m\n        \u001b[36m</div>\u001b[39m\n      \u001b[36m</div>\u001b[39m\n    \u001b[36m</header>\u001b[39m\n    \u001b[36m<div\u001b[39m\n      \u001b[33mclass\u001b[39m=\u001b[32m\"db-top-grid\"\u001b[39m\n    \u001b[36m>\u001b[39m\n      \u001b[36m<div\u001b[39m\n        \u001b[33mclass\u001b[39m=\u001b[32m\"db-hero\"\u001b[39m\n      \u001b[36m>\u001b[39m\n        \u001b[36m<span\u001b[39m\n          \u001b[33mclass\u001b[39m=\u001b[32m\"db-hero-badge\"\u001b[39m\n        \u001b[36m>\u001b[39m\n          \u001b[0mΓåÆ CONTINUE LEARNING\u001b[0m\n        \u001b[36m</span>\u001b[39m\n        \u001b[36m<h2\u001b[39m\n          \u001b[33mclass\u001b[39m=\u001b[32m\"db-hero-title\"\u001b[39m\n        \u001b[36m>\u001b[39m\n          \u001b[0mCommon Phrases\u001b[0m\n        \u001b[36m</h2>\u001b[39m\n        \u001b[36m<p\u001b[39m\n          \u001b[33mclass\u001b[39m=\u001b[32m\"db-hero-hindi\"\u001b[39m\n        \u001b[36m>\u001b[39m\n          \u001b[0mαñåαñ« αñ╡αñ╛αñòαÑìαñ»αñ╛αñéαñ╢\u001b[0m\n        \u001b[36m</p>\u001b[39m\n        \u001b[36m<p\u001b[39m\n          \u001b[33mclass\u001b[39m=\u001b[32m\"db-hero-desc\"\u001b[39m\n        \u001b[36m>\u001b[39m\n          \u001b[0mMaster 10 essential greetings for daily conversation\u001b[0m\n        \u001b[36m</p>\u001b[39m\n        \u001b[36m<button\u001b[39m\n          \u001b[33mclass\u001b[39m=\u001b[32m\"db-start-btn\"\u001b[39m\n        \u001b[36m>\u001b[39m\n          \u001b[36m<svg\u001b[39m\n            \u001b[33maria-hidden\u001b[39m=\u001b[32m\"true\"\u001b[39m\n            \u001b[33mclass\u001b[39m=\u001b[32m\"lucide lucide-circle-play\"\u001b[39
[...]
","title":"Should show Points This Week stat card","duration":32.25799999999981,"failureMessages":[],"meta":{}},{"ancestorTitles":["UserProfile ΓÇô Relationship: \"friends\""],"fullName":"UserProfile ΓÇô Relationship: \"friends\" Should show \"Friends\" button (disabled state)","status":"failed","title":"Should show \"Friends\" button (disabled state)","duration":1025.813,"failureMessages":["Error: Found multiple elements with the role \"button\" and name `/Friends/i`\n\nHere are the matching elements:\n\nIgnored nodes: comments, script, style\n\u001b[36m<button\u001b[39m\n  \u001b[33mclass\u001b[39m=\u001b[32m\"up-action-btn outline\"\u001b[39m\n  \u001b[33mdisabled\u001b[39m=\u001b[32m\"\"\u001b[39m\n\u001b[36m>\u001b[39m\n  \u001b[36m<svg\u001b[39m\n    \u001b[33maria-hidden\u001b[39m=\u001b[32m\"true\"\u001b[39m\n    \u001b[33mclass\u001b[39m=\u001b[32m\"lucide lucide-shield-check\"\u001b[39m\n    \u001b[33mfill\u001b[39m=\u001b[32m\"none\"\u001b[39m\n    \u001b[33mheight\u001b[39m=\u001b[32m\"16\"\u001b[39m\n    \u001b[33mstroke\u001b[39m=\u001b[32m\"currentColor\"\u001b[39m\n    \u001b[33mstroke-linecap\u001b[39m=\u001b[32m\"round\"\u001b[39m\n    \u001b[33mstroke-linejoin\u001b[39m=\u001b[32m\"round\"\u001b[39m\n    \u001b[33mstroke-width\u001b[39m=\u001b[32m\"2\"\u001b[39m\n    \u001b[33mviewBox\u001b[39m=\u001b[32m\"0 0 24 24\"\u001b[39m\n    \u001b[33mwidth\u001b[39m=\u001b[32m\"16\"\u001b[39m\n    \u001b[33mxmlns\u001b[39m=\u001b[32m\"http://www.w3.org/2000/svg\"\u001b[39m\n  \u001b[36m>\u001b[39m\n    \u001b[36m<path\u001b[39m\n      \u001b[33md\u001b[39m=\u001b[32m\"M20 13c0 5-3.5 7.5-7.66 8.95a1 1 0 0 1-.67-.01C7.5 20.5 4 18 4 13V6a1 1 0 0 1 1-1c2 0 4.5-1.2 6.24-2.72a1.17 1.17 0 0 1 1.52 0C14.51 3.81 17 5 19 5a1 1 0 0 1 1 1z\"\u001b[39m\n    \u001b[36m/>\u001b[39m\n    \u001b[36m<path\u001b[39m\n      \u001b[33md\u001b[39m=\u001b[32m\"m9 12 2 2 4-4\"\u001b[39m\n    \u001b[36m/>\u001b[39m\n  \u001b[36m</svg>\u001b[39m\n  \u001b[0m Friends\u001b[0m\n\u001b[36m</button>\u001b[39m\n\nIgnored nodes: comments, script, style\n\u001b[36m<button\u001b[39m\n  \u001b[33mclass\u001b[39m=\u001b[32m\"up-action-btn friends-btn\"\u001b[39m\n\u001b[36m>\u001b[39m\n  \u001b[36m<svg\u001b[39m\n    \u001b[33maria-hidden\u001b[39m=\u001b[32m\"true\"\u001b[39m\n    \u001b[33mclass\u001b[39m=\u001b[32m\"lucide lucide-users\"\u001b[39m\n    \u001b[33mfill\u001b[39m=\u001b[32m\"none\"\u001b[39m\n    \u001b[33mheight\u001b[39m=\u001b[32m\"16\"\u001b[39m\n    \u001b[33mstroke\u001b[39m=\u001b[32m\"currentColor\"\u001b[39m\n    \u001b[33mstroke-linecap\u001b[39m=\u001b[32m\"round\"\u001b[39m\n    \u001b[33mstroke-linejoin\u001b[39m=\u001b[32m\"round\"\u001b[39m\n    \u001b[33mstroke-width\u001b[39m=\u001b[32m\"2\"\u001b[39m\n    \u001b[33mviewBox\u001b[39m=\u001b[32m\"0 0 24 24\"\u001b[39m\n    \u001b[33mwidth\u001b[39m=\u001b[32m\"16\"\u001b[39m\n    \u001b[33mxmlns\u001b[39m=\u001b[32m\"http://www.w3.org/2000/svg\"\u001b[39m\n  \u001b[36m>\u001b[39m\n    \u001b[36m<path\u001b[39m\n      \u001b[33md\u001b[39m=\u001b[32m\"M16 21v-2a4 4 0 0 0-4-4H6a4 4 0 0 0-4 4v2\"\u001b[39m\n    \u001b[36m/>\u001b[39m\n    \u001b[36m<path\u001b[39m\n      \u001b[33md\u001b[39m=\u001b[32m\"M16 3.128a4 4 0 0 1 0 7.744\"\u001b[39m\n    \u001b[36m/>\u001b[39m\n    \u001b[36m<path\u001b[39m\n      \u001b[33md\u001b[39m=\u001b[32m\"M22 21v-2a4 4 0 0 0-3-3.87\"\u001b[39m\n    \u001b[36m/>\u001b[39m\n    \u001b[36m<circle\u001b[39m\n      \u001b[33mcx\u001b[39m=\u001b[32m\"9\"\u001b[39m\n      \u001b[33mcy\u001b[39m=\u001b[32m\"7\"\u001b[39m\n      \u001b[33mr\u001b[39m=\u001b[32m\"4\"\u001b[39m\n    \u001b[36m/>\u001b[39m\n  \u001b[36m</svg>\u001b[39m\n  \u001b[0m \u001b[0m\n  \u001b[0mView\u001b[0m\n  \u001b[0m Friends\u001b[0m\n\u001b[36m</button>\u001b[39m\n\n(If this is intentional, then use the `*AllBy*` variant of the query (like `queryAllByText`, `getAllByText`, or `findAllByText`)).\n\nIgnored nodes: comments, script, style\n\u001b[36m<body>\u001b[39m\n  \u001b[36m<div>\u001b[39m\n    \u001b[36m<div\u001b[39m\n      \u001b[33mclass\u001b[39m=\u001b[32m\"up-profile-root\"\u001b[39m\n    \u001b[36m>\u001b[39m\n      \u001b[36m<button\u001b[39m\n        \u001b[33mclass\u001b[39m=\u001b[32m\"up-back-btn\"\u001b[39m\n      \u001b[36m>\u001b[39m\n        \u001b[36m<svg\u001b[39m\n          \u001b[33maria-hidden\u001b[39m=\u001b[32m\"true\"\u001b[39m\n          \u001b[33mclass\u001b[39m=\u001b[32m\"lucide lucide-chevron-left\"\u001b[39m\n          \u001b[33mfill\u001b[39m=\u001b[32m\"none\"\u001b[39m\n          \u001b[33mheight\u001b[39m=\u001b[32m\"16\"\u001b[39m\n          \u001b[33mstroke\u001b[39m=\u001b[32m\"currentColor\"\u001b[39m\n          \u001b[33mstroke-linecap\u001b[39m=\u001b[32m\"round\"\u001b[39m\n          \u001b[33mstroke-linejoin\u001b[39m=\u001b[32m\"round\"\u001b[39m\n          \u001b[33mstroke-width\u001b[39m=\u001b[32m\"2\"\u001b[39m\n          \u001b[33mviewBox\u001b[39m=\u001b[32m\"0 0 24 24\"\u001b[39m\n          \u001b[33mwidth\u001b[39m=\u001b[32m\"16\"\u001b[39m\n          \u001b[33mxmlns\u001b[39m=\u001b[32m\"http://www.w3.org/2000/svg\"\u001b[39m\n        \u001b[36m>\u001b[39m\n          \u001b[36m<path\u001b[39m\n            \u001b[33md\u001b[39m=\u001b[32m\"m15 18-6-6 6-6\"\u001b[39m\n          \u001b[36m/>\u001b[39m\n        \u001b[36m</svg>\u001b[39m\n        \u001b[0m Back to Community\u001b[0m\n      \u001b[36m</button>\u001b[39m\n      \u001b[36m<div\u001b[39m\n        \u001b[33mclass\u001b[39m=\u001b[32m\"up-hero\"\u001b[39m\n      \u001b[36m>\u001b[39m\n        \u001b[36m<img\u001b[39m\n          \u001b[33malt\u001b[39m=\u001b[32m\"alice\"\u001b[39m\n          \u001b[33mclass\u001b[39m=\u001b[32m\"up-avatar\"\u001b[39m\n          \u001b[33msrc\u001b[39m=\u001b[32m\"https://api.dicebear.com/7.x/avataaars/svg?seed=alice\"\u001b[39m\n        \u001b[36m/>\u001b[39m\n        \u001b[36m<div\u001b[39m\n          \u001b[33mclass\u001b[39m=\u001b[32m\"up-hero-info\"\u001b[39m\n        \u001b[36m>\u001b[39m\n          \u001b[36m<h1\u001b[39m\n            \u001b[33mclass\u001b[39m=\u001b[32m\"up-hero-name\"\u001b[39m\n          \u001b[36m>\u001b[39m\n            \u001b[0mAlice Smith\u001b[0m\n          \u001b[36m</h1>\u001b[39m\n          \u001b[36m<p\u001b[39m\n            \u001b[33mclass\u001b[39m=\u001b[32m\"up-hero-handle\"\u001b[39m\n          \u001b[36m>\u001b[39m\n            \u001b[0m@\u001b[0m\n            \u001b[0malice\u001b[0m\n          \u001b[36m</p>\u001b[39m\n          \u001b[36m<p\u001b[39m\n            \u001b[33mclass\u001b[39m=\u001b[32m\"up-hero-bio\"\u001b[39m\n          \u001b[36m>\u001b[39m\n            \u001b[0m\"\u001b[0m\n            \u001b[0mI love learning Hindi!\u001b[0m\n            \u001b[0m\"\u001b[0m\n          \u001b[36m</p>\u001b[39m\n          \u001b[36m<div\u001b[39m\n            \u001b[33mstyle\u001b[39m=\u001b[32m\"margin-top: 12px; display: flex; align-items: center; gap: 6px;\"\u001b[39m\n          \u001b[36m>\u001b[39m\n            \u001b[36m<svg\u001b[39m\n              \u001b[33maria-hidden\u001b[39m=\u001b[32m\"true\"\u001b[39m\n              \u001b[33mclass\u001b[39m=\u001b[32m\"lucide lucide-users\"\u001b[39m\n              \u001b[33mfill\u001b[39m=\u001b[32m\"none\"\u001b[39m\n              \u001b[33mheight\u001b[39m=\u001b[32m\"14\"\u001b[39m\n              \u001b[33mstroke\u001b[39m=\u001b[32m\"var(--text-muted)\"\u001b[39m\n              \u001b[33mstroke-linecap\u001b[39m=\u001b[32m\"round\"\u001b[39m\n              \u001b[33mstroke-linejoin\u001b[39m=\u001b[32m\"round\"\u001b[39m\n              \u001b[33mstroke-width\u001b[39m=\u001b[32m\"2\"\u001b[39m\n              \u001b[33mviewBox\u001b[39m=\u001b[32m\"0 0 24 24\"\u001b[39m\n              \u001b[33mwidth\u001b[39m=\u001b[32m\"14\"\u001b[39m\n              \u001b[33mxmlns\u001b[39m=\u001b[32m\"http://www.w3.org/2000/svg\"\u001b[39m\n            \u001b[36m>\u001b[39m\n              \u001b[36m<path\u001b[39m\n                \u001b[33md\u001b[39m=\u001b[32m\"M16 21v-2a4 4 0 0 0-4-4H6a4 4 0 0 0-4 4v2\"\u001b[39m\n              \u001b[36m/>\u001b[39m\n              \u001b[36m<path\u001b[39m\n                \u001b[33md\u001b[39m=\u001b[32m\"M16 3.128a4 4 0 0 1 0 7.744\"\u001b[39m\n              \u001b[36m/>\u001b[39m\n              \u001b[36m<path\u001b[39m\n                \u001b[33md\u001b[39m=\u001b[32m\"M22 21v-2a4 4 0 0 0-3-3.87\"\u001b[39m\n              \u001b[36m/>\u001b[39m\n              \u001b[36m<circle\u001b[39m\n                \u001b[33mcx\u001b[39m=\u001b[32m\"9\"\u001b[39m\n                \u001b[33mcy\u001b[39m=\u001b[32m\"7\"\u001b[39m\n                \u001b[33mr\u001b[39m=\u001b[32m\"4\"\u001b[39m\n              \u001b[36m/>\u001b[39m\n            \u001b[36m</svg>\u001b[39m\n            \u001b[36m<span\u001b[39m\n              \u001b[33mstyle\u001b[39m=\u001b[32m\"color: var(--text-muted); font-size: 0.83rem; font-weight: 600;\"\u001b[39m\n            \u001b[36m>\u001b[39m\n              \u001b[0m2\u001b[0m\n              \u001b[0m friend\u001b[0m\n              \u001b[0ms\u001b[0m\n            \u001b[36m</span>\u001b[39m\n          \u001b[36m</div>\u001b[39m\n        \u001b[36m</div>\u001b[39m\n        \u001b[36m<div\u001b[39m\n          \u001b[33mclass\u001b[39m=\u001b[32m\"up-hero-actions\"\u001b[39m\n        \u001b[36m>\u001b[39m\n          \u001b[36m<button\u001b[39m\n            \u001b[33mclass\u001b[39m=\u001b[32m\"up-action-btn outline\"\u001b[39m\n            \u001b[33mdisabled\u001b[39m=\u001b[32m\"\"\u001b[39m\n          \u001b[36m>\u001b[39m\n            \u001b[36m<svg\u001b[39m\n              \u001b[33maria-hidden\u001b[39m=\u001b[32m\"true\"\u001b[39m\n              \u001b[33mclass\u001b[39m=\u001b[32m\"lucide lucide-shield-check\"\u001b[39m\n              \u001b[33mfill\u001b[39m=\u001b[32m\"none\"\u001b[39m\n              \u001b[33mheight\u001b[39m=\u001b[32m\"16\"\u001b[39m\n              \u001b[33mstroke\u001b[39m=\u001b[32m\"currentColor\"\u001b[39m\n              \u001b[33mstroke-linecap\u001b[39m=\u001b[32m\"round\"\u001b[39m\n              \u001b[33mstroke-linejoin\u001b[39m=\u001b[32m\"round\"\u001b[39m\n              \u001b[33mstroke-width\u001b[39m=\u001b[32m\"2\"\u001b[39m\n              \u001b[33mviewBox\u001b[39m=\u001b[32m\"0 0 24 24\"\u001b[39m\n              \u001b[33mwidth\u001b[39m=\u001b[32m\"16\"\u001b[39m\n              \u001b[33mxmlns\u001b[39m=\u001b[32m\"http://www.w3.org/2000/svg\"\u001b[39m\n            \u001b[36m>\u001b[39m\n              \u001b[36m<path\u001b[39m\n                \u001b[33md\u001b[39m=\u001b[32m\"M20 13c0 5-3.5 7.5-7.66 8.95a1 1 0 0 1-.67-.01C7.5 20.5 4 18 4 13V6a1 1 0 0 1 1-1c2 0 4.5-1.2 6.24-2.72a1.17 1.17 0 0 1 1.52 0C14.51 3.81 17 5 19 5a1 1 0 0 1 1 1z\"\u001b[39m\n              \u001b[36m/>\u001b[39m\n              \u001b[36m<path\u001b[39m\n                \u001b[33md\u001b[39m=\u001b[32m\"m9 12 2 2 4-4\"\u001b[39m\n              \u001b[36m/>\u001b[39m\n            \u001b[36m</svg>\u001b[39m\n            \u001b[0m Friends\u001b[0m\n          \u001b[36m</button>\u001b[39m\n          \u001b[36m<button\u001b[39m\n            \u001b[33mclass\u001b[39m=\u001b[32m\"up-action-btn friends-btn\"\u001b[39m\n          \u001b[36m>\u001b[39m\n            \u001b[36m<svg\u001b[39m\n              \u001b[33maria-hidden\u001b[39m=\u001b[32m\"true\"\u001b[39m\n              \u001b[33mclass\u001b[39m=\u001b[32m\"lucide lucide-users\"\u001b[39m\n              \u001b[33mfill\u001b[39m=\u001b[32m\"none\"\u001b[39m\n              \u001b[33mheight\u001b[39m=\u001b[32m\"16\"\u001b[39m\n              \u001b[33mstroke\u001b[39m=\u001b[32m\"currentColor\"\u001b[39m\n              \u001b[33mstroke-linecap\u001b[39m=\u001b[32m\"round\"\u001b[39m\n              \u001b[33mstroke-linejoin\u001b[39m=\u001b[32m\"round\"\u001b[39m\n              \u001b[33mstroke-width\u001b[39m=\u001b[32m\"2\"\u001b[39m\n              \u001b[33mviewBox\u001b[39m=\u001b[32m\"0 0 24 24\"\u001b[39m\n              \u001b[33mwidth\u001b[39m=\u001b[32m\"16\"\u001b[39m\n              \u001b[33mxmlns\u001b[39m=\u001b[32m\"http://www.w3.org/2000/svg\"\u001b[39m\n            \u001b[36m>\u001b[39m\n              \u001b[36m<path\u001b[39m\n                \u001b[33md\u001b[39m=\u001b[32m\"M16 21v-2a4 4 0 0 0-4-4H6a4 4 0 0 0-4 4v2\"\u001b[39m\n              \u001b[36m/>\u001b[39m\n              \u001b[36m<path\u001b[39m\n                \u001b[33md\u001b[39m=\u001b[32m\"M16 3.128a4 4 0 0 1 0 7.744\"\u001b[39m\n              \u001b[36m/>\u001b[39m\n              \u001b[36m<path\u001b[39m\n                \u001b[33md\u001b[39m=\u001b[32m\"M22 21v-2a4 4 0 0 0-3-3.87\"\u001b[39m\n              \u001b[36m/>\u001b[39m\n              \u001b[36m<circle\u001b[39m\n                \u001b[33mcx\u001b[39m=\u001b[32m\"9\"\u001b[39m\n                \u001b[33mcy\u001b[39m=\u001b[32m\"7\"\u001b[39m\n                \u001b[33mr\u001b[39m=\u001b[32m\"4\"\u001b[39m\n              \u001b[36m/>\u001b[39m\n            \u001b[36m</svg>\u001b[39m\n            \u001b[0m \u001b[0m\n            \u001b[0mView\u001b[0m\n            \u001b[0m Friends\u001b[0m\n          \u001b[36m</button>\u001b[39m\n        \u001b[36m</div>\u001b[39m\n      \u001b[36m</div>\u001b[39m\n      \u001b[36m<div\u001b[39m\n        \u001b[33mclass\u001b[39m=\u001b[32m\"up-stats-grid\"\u001b[39m\n      \u001b[36m>\u001b[39m\n        \u001b[36m<div\u001b[39m\n          \u001b[33mclass\u001b[39m=\u001b[32m\"up-stat-card\"\u001b[39m\n        \u001b[36m>\u001b[39m\n          \u001b[36m<div\u001b[39m\n            \u001b[33mclass\u001b[39m=\u001b[32m\"up-stat-icon\"\u001b[39m\n            \u001b[33mstyle\u001b[39m=\u001b[32m\"background: rgba(231, 76, 60, 0.12); color: rgb(231, 76, 60);\"\u001b[39m\n          \u001b[36m>\u001b[39m\n            \u001b[36m<svg\u001b[39m\n              \u001b[33maria-hidden\u001b[39...\n    at Proxy.waitForWrapper (C:\\Users\\Girish Kumar\\LinguaAble\\Accessible-Language-Learning-Platform\\frontend\\node_modules\\@testing-library\\dom\\dist\\wait-for.js:163:27)\n    at C:/Users/Girish Kumar/LinguaAble/Accessible-Language-Learning-Platform/frontend/src/tests/UserProfile.test.jsx:213:15\n    at file:///C:/Users/Girish%20Kumar/LinguaAble/Accessible-Language-Learning-Platform/frontend/node_modules/@vitest/runner/dist/index.js:145:11\n    at file:///C:/Users/Girish%20Kumar/LinguaAble/Accessible-Language-Learning-Platform/frontend/node_modules/@vitest/runner/dist/index.js:915:26\n    at file:///C:/Users/Girish%20Kumar/LinguaAble/Accessible-Language-Learning-Platform/frontend/node_modules/@vitest/runner/dist/index.js:1243:20\n    at new Promise (<anonymous>)\n    at runWithTimeout (file:///C:/Users/Girish%20Kumar/LinguaAble/Accessible-Language-Learning-Platform/frontend/node_modules/@vitest/runner/dist/index.js:1209:10)\n    at file:///C:/Users/Girish%20Kumar/LinguaAble/Accessible-Language-Learning-Platform/frontend/node_modules/@vitest/runner/dist/index.js:1653:37\n    at Traces.$ (file:///C:/Users/Girish%20Kumar/LinguaAble/Accessible-Language-Learning-Platform/frontend/node_modules/vitest/dist/chunks/traces.CCmnQaNT.js:142:27)\n    at trace (file:///C:/Users/Girish%20Kumar/LinguaAble/Accessible-Language-Learning-Platform/frontend/node_modules/vitest/dist/chunks/test.B8ej_ZHS.js:239:21)"],"meta":{}},{"ancestorTitles":["UserProfile ΓÇô Relationship: \"friends\""],"fullName":"UserProfile ΓÇô Relationship: \"friends\" Should NOT show Private Progress card","status":"passed","title":"Should NOT show Private Progress card","duration":22.47099999999955,"failureMessages":[],"meta":{}},{"ancestorTitles":["UserProfile ΓÇô Relationship: \"self\""],"fullName":"UserProfile ΓÇô Relationship: \"self\" Should show stats for own profile","status":"passed","title":"Should show stats for own profile","duration":33.525000000000546,"failureMessages":[],"meta":{}},{"ancestorTitles":["UserProfile ΓÇô Relationship: \"self\""],"fullName":"UserProfile ΓÇô Relationship: \"self\" Should NOT render any friend action button for own profile","status":"failed","title":"Should NOT render any friend action button for own profile","duration":77.03319999999985,"failureMessages":["Error: \u001b[2mexpect(\u001b[22m\u001b[31melement\u001b[39m\u001b[2m).not.toBeInTheDocument()\u001b[22m\n\n\u001b[31mexpected document not to contain element, found <button\n  class=\"up-action-btn friends-btn\"\n>\n  <svg\n    aria-hidden=\"true\"\n    class=\"lucide lucide-users\"\n    fill=\"none\"\n    height=\"16\"\n    stroke=\"currentColor\"\n    stroke-linecap=\"round\"\n    stroke-linejoin=\"round\"\n    stroke-width=\"2\"\n    viewBox=\"0 0 24 24\"\n    width=\"16\"\n    xmlns=\"http://www.w3.org/2000/svg\"\n  >\n    <path\n      d=\"M16 21v-2a4 4 0 0 0-4-4H6a4 4 0 0 0-4 4v2\"\n    />\n    <path\n      d=\"M16 3.128a4 4 0 0 1 0 7.744\"\n    />\n    <path\n      d=\"M22 21v-2a4 4 0 0 0-3-3.87\"\n    />\n    <circle\n      cx=\"9\"\n      cy=\"7\"\n      r=\"4\"\n    />\n  </svg>\n   \n  View\n   Friends\n</button> instead\u001b[39m\n    at Proxy.expectWrapper (file:///C:/Users/Girish%20Kumar/LinguaAble/Accessible-Language-Learning-Platform/frontend/node_modules/@vitest/expect/dist/index.js:1821:12)\n    at Proxy.<anonymous> (file:///C:/Users/Girish%20Kumar/LinguaAble/Accessible-Language-Learning-Platform/frontend/node_modules/@vitest/expect/dist/index.js:1090:14)\n    at Proxy.methodWrapper (file:///C:/Users/Girish%20Kumar/LinguaAble/Accessible-Language-Learning-Platform/frontend/node_modules/chai/index.js:1700:25)\n    at C:/Users/Girish Kumar/LinguaAble/Accessible-Language-Learning-Platform/frontend/src/tests/UserProfile.test.jsx:248:111\n    at file:///C:/Users/Girish%20Kumar/LinguaAble/Accessible-Language-Learning-Platform/frontend/node_modules/@vitest/runner/dist/index.js:915:20"],"meta":{}},{"ancestorTitles":["UserProfile ΓÇô Relationship: \"none\" (stranger)"],"fullName":"UserProfile ΓÇô Relationship: \"none\" (stranger) Should show Private Progress card instead of stats","status":"passed","title":"Should show Private Progress card instead of stats","duration":25.347500000000764,"failureMessages":[],"meta":{}},{"ancestorTitles":["UserProfile ΓÇô Relationship: \"none\" (stranger)"],"fullName":"UserProfile ΓÇô Relationship: \"none\" (stranger) Should show \"Add Friend\" button","status":"passed","title":"Should show \"Add Friend\" button","duration":86.04969999999958,"failureMessages":[],"meta":{}},{"ancestorTitles":["UserProfile ΓÇô Relationship: \"none\" (stranger)"],"fullName":"UserProfile ΓÇô Relationship: \"none\" (stranger) Should NOT show stat cards","status":"passed","title":"Should NOT show stat cards","duration":24.057700000000295,"failureMessages":[],"meta":{}},{"ancestorTitles":["UserProfile ΓÇô Relationship: \"none\" (stranger)"],"fullName":"UserProfile ΓÇô Relationship: \"none\" (stranger) Should call the send friend-request API when Add Friend is clicked","status":"passed","title":"Should call the send friend-request API when Add Friend is clicked","duration":117.63869999999952,"failureMessages":[],"meta":{}},{"ancestorTitles":["UserProfile ΓÇô Relationship: \"pending_sent\" and \"pending_received\""],"fullName":"UserProfile ΓÇô Relationship: \"pending_sent\" and \"pending_received\" Should show \"Request Sent\" button when pending_sent","status":"passed","title":"Should show \"Request Sent\" button when pending_sent","duration":59.49579999999969,"failureMessages":[],"meta":{}},{"ancestorTitles":["UserProfile ΓÇô Relationship: \"pending_sent\" and \"pending_received\""],"fullName":"UserProfile ΓÇô Relationship: \"pending_sent\" and \"pending_received\" Should show \"Accept Request\" button when pending_received","status":"passed","title":"Should show \"Accept Request\" button when pending_received","duration":78.85590000000047,"failureMessages":[],"meta":{}}],"startTime":1773193181657,"endTime":1773193185646.856,"status":"failed","message":"","name":"C:/Users/Girish Kumar/LinguaAble/Accessible-Language-Learning-Platform/frontend/src/tests/UserProfile.test.jsx"}]}
